<html>
<head>
<title>TestNG:  Surefire test</title>
<link href="../testng.css" rel="stylesheet" type="text/css" />
<link href="../my-testng.css" rel="stylesheet" type="text/css" />

<style type="text/css">
.log { display: none;} 
.stack-trace { display: none;} 
</style>
<script type="text/javascript">
<!--
function flip(e) {
  current = e.style.display;
  if (current == 'block') {
    e.style.display = 'none';
    return 0;
  }
  else {
    e.style.display = 'block';
    return 1;
  }
}

function toggleBox(szDivId, elem, msg1, msg2)
{
  var res = -1;  if (document.getElementById) {
    res = flip(document.getElementById(szDivId));
  }
  else if (document.all) {
    // this is the way old msie versions work
    res = flip(document.all[szDivId]);
  }
  if(elem) {
    if(res == 0) elem.innerHTML = msg1; else elem.innerHTML = msg2;
  }

}

function toggleAllBoxes() {
  if (document.getElementsByTagName) {
    d = document.getElementsByTagName('div');
    for (i = 0; i < d.length; i++) {
      if (d[i].className == 'log') {
        flip(d[i]);
      }
    }
  }
}

// -->
</script>

</head>
<body>
<h2 align='center'>Surefire test</h2><table border='1' align="center">
<tr>
<td>Tests passed/Failed/Skipped:</td><td>6/3/0</td>
</tr><tr>
<td>Started on:</td><td>Wed Apr 22 20:03:14 BST 2020</td>
</tr>
<tr><td>Total time:</td><td>570 seconds (570402 ms)</td>
</tr><tr>
<td>Included groups:</td><td></td>
</tr><tr>
<td>Excluded groups:</td><td></td>
</tr>
</table><p/>
<small><i>(Hover the method name to see the test class name)</i></small><p/>
<table width='100%' border='1' class='invocation-failed'>
<tr><td colspan='4' align='center'><b>FAILED TESTS</b></td></tr>
<tr><td><b>Test method</b></td>
<td width="30%"><b>Exception</b></td>
<td width="10%"><b>Time (seconds)</b></td>
<td><b>Instance</b></td>
</tr>
<tr>
<td title='com.demo.nopcommerce.testsuite.ComputerTest.verifyUserShouldNotAddProductToCartSuccessfully()'><b>verifyUserShouldNotAddProductToCartSuccessfully</b><br>Test class: com.demo.nopcommerce.testsuite.ComputerTest<br/>
<a href="#Output-1011599868" onClick='toggleBox("Output-1011599868", this, "Show output", "Hide output");'>Show output</a>

<a href="#Output-1011599868" onClick="toggleAllBoxes();">Show all outputs</a>
<div class='log' id="Output-1011599868">
Clicking on computer button [[ChromeDriver: chrome on WINDOWS (7f96a4cda5ecbeddcfc6f3634bc828ce)] -> xpath: //ul[@class='top-menu notmobile']//a[contains(text(),'Computers')]]<br><br/>
Clicking on Desktop button [[ChromeDriver: chrome on WINDOWS (7f96a4cda5ecbeddcfc6f3634bc828ce)] -> xpath: //ul[@class='top-menu notmobile']//a[contains(text(),'Desktops')]]<br><br/>
Clicking on position [[ChromeDriver: chrome on WINDOWS (7f96a4cda5ecbeddcfc6f3634bc828ce)] -> id: products-orderby]<br><br/>
Clicking on A to Z [[ChromeDriver: chrome on WINDOWS (7f96a4cda5ecbeddcfc6f3634bc828ce)] -> xpath: //option[contains(text(),'Name: A to Z')]]<br><br/>
Clicking on build computer [[ChromeDriver: chrome on WINDOWS (7f96a4cda5ecbeddcfc6f3634bc828ce)] -> link text: Build your own computer]<br><br/>
Clicking on radio button feature [[ChromeDriver: chrome on WINDOWS (7f96a4cda5ecbeddcfc6f3634bc828ce)] -> xpath: //input[@id='product_attribute_3_7']]<br/>
Clicking On add cart button [[ChromeDriver: chrome on WINDOWS (7f96a4cda5ecbeddcfc6f3634bc828ce)] -> id: add-to-cart-button-1]<br><br/>
Getting add to cart message [[ChromeDriver: chrome on WINDOWS (7f96a4cda5ecbeddcfc6f3634bc828ce)] -> class name: content]<br><br/>
</div>
</td>
<td><div><pre>java.lang.AssertionError: The following asserts failed:
	expected [The product has been added to your shopping cart] but found [The product has been added to your shopping]
	at com.demo.nopcommerce.testsuite.ComputerTest.verifyUserShouldNotAddProductToCartSuccessfully(ComputerTest.java:67)
... Removed 31 stack frames</pre></div><a href='#' onClick='toggleBox("stack-trace1011599868", this, "Click to show all stack frames", "Click to hide stack frames")'>Click to show all stack frames</a>
<div class='stack-trace' id='stack-trace1011599868'><pre>java.lang.AssertionError: The following asserts failed:
	expected [The product has been added to your shopping cart] but found [The product has been added to your shopping]
	at org.testng.asserts.SoftAssert.assertAll(SoftAssert.java:43)
	at com.demo.nopcommerce.testsuite.ComputerTest.verifyUserShouldNotAddProductToCartSuccessfully(ComputerTest.java:67)
	at sun.reflect.NativeMethodAccessorImpl.invoke0(Native Method)
	at sun.reflect.NativeMethodAccessorImpl.invoke(NativeMethodAccessorImpl.java:62)
	at sun.reflect.DelegatingMethodAccessorImpl.invoke(DelegatingMethodAccessorImpl.java:43)
	at java.lang.reflect.Method.invoke(Method.java:498)
	at org.testng.internal.MethodInvocationHelper.invokeMethod(MethodInvocationHelper.java:124)
	at org.testng.internal.Invoker.invokeMethod(Invoker.java:583)
	at org.testng.internal.Invoker.invokeTestMethod(Invoker.java:719)
	at org.testng.internal.Invoker.invokeTestMethods(Invoker.java:989)
	at org.testng.internal.TestMethodWorker.invokeTestMethods(TestMethodWorker.java:125)
	at org.testng.internal.TestMethodWorker.run(TestMethodWorker.java:109)
	at org.testng.TestRunner.privateRun(TestRunner.java:648)
	at org.testng.TestRunner.run(TestRunner.java:505)
	at org.testng.SuiteRunner.runTest(SuiteRunner.java:455)
	at org.testng.SuiteRunner.runSequentially(SuiteRunner.java:450)
	at org.testng.SuiteRunner.privateRun(SuiteRunner.java:415)
	at org.testng.SuiteRunner.run(SuiteRunner.java:364)
	at org.testng.SuiteRunnerWorker.runSuite(SuiteRunnerWorker.java:52)
	at org.testng.SuiteRunnerWorker.run(SuiteRunnerWorker.java:84)
	at org.testng.TestNG.runSuitesSequentially(TestNG.java:1208)
	at org.testng.TestNG.runSuitesLocally(TestNG.java:1137)
	at org.testng.TestNG.runSuites(TestNG.java:1049)
	at org.testng.TestNG.run(TestNG.java:1017)
	at org.apache.maven.surefire.testng.TestNGExecutor.run(TestNGExecutor.java:135)
	at org.apache.maven.surefire.testng.TestNGDirectoryTestSuite.executeMulti(TestNGDirectoryTestSuite.java:193)
	at org.apache.maven.surefire.testng.TestNGDirectoryTestSuite.execute(TestNGDirectoryTestSuite.java:94)
	at org.apache.maven.surefire.testng.TestNGProvider.invoke(TestNGProvider.java:146)
	at org.apache.maven.surefire.booter.ForkedBooter.invokeProviderInSameClassLoader(ForkedBooter.java:384)
	at org.apache.maven.surefire.booter.ForkedBooter.runSuitesInProcess(ForkedBooter.java:345)
	at org.apache.maven.surefire.booter.ForkedBooter.execute(ForkedBooter.java:126)
	at org.apache.maven.surefire.booter.ForkedBooter.main(ForkedBooter.java:418)
</pre></div></td>
<td>44</td>
<td>com.demo.nopcommerce.testsuite.ComputerTest@6eebc39e</td></tr>
<tr>
<td title='com.demo.nopcommerce.testsuite.LoginTest.verifyUserShouldNotLoginWithInvalidCredentialsSuccessfully()'><b>verifyUserShouldNotLoginWithInvalidCredentialsSuccessfully</b><br>Test class: com.demo.nopcommerce.testsuite.LoginTest<br/>
<a href="#Output-1273895132" onClick='toggleBox("Output-1273895132", this, "Show output", "Hide output");'>Show output</a>

<a href="#Output-1273895132" onClick="toggleAllBoxes();">Show all outputs</a>
<div class='log' id="Output-1273895132">
Enter email dhanno@gmail.comOn Email Field [[ChromeDriver: chrome on WINDOWS (ac62005a2b158d370418a74f4c0170c1)] -> id: Email]<br><br/>
Enter password 123456On Password Field [[ChromeDriver: chrome on WINDOWS (ac62005a2b158d370418a74f4c0170c1)] -> id: Password]<br><br/>
Clicking on login button [[ChromeDriver: chrome on WINDOWS (ac62005a2b158d370418a74f4c0170c1)] -> xpath: //input[@class='button-1 login-button']]<br><br/>
Getting welcome to store message [[ChromeDriver: chrome on WINDOWS (ac62005a2b158d370418a74f4c0170c1)] -> xpath: //h2[contains(text(),'Welcome to our store')]]<br><br/>
</div>
</td>
<td><div><pre>java.lang.AssertionError: The following asserts failed:
	expected [Welcome to our store] but found [Welcome]
	at com.demo.nopcommerce.testsuite.LoginTest.verifyUserShouldNotLoginWithInvalidCredentialsSuccessfully(LoginTest.java:62)
... Removed 31 stack frames</pre></div><a href='#' onClick='toggleBox("stack-trace1273895132", this, "Click to show all stack frames", "Click to hide stack frames")'>Click to show all stack frames</a>
<div class='stack-trace' id='stack-trace1273895132'><pre>java.lang.AssertionError: The following asserts failed:
	expected [Welcome to our store] but found [Welcome]
	at org.testng.asserts.SoftAssert.assertAll(SoftAssert.java:43)
	at com.demo.nopcommerce.testsuite.LoginTest.verifyUserShouldNotLoginWithInvalidCredentialsSuccessfully(LoginTest.java:62)
	at sun.reflect.NativeMethodAccessorImpl.invoke0(Native Method)
	at sun.reflect.NativeMethodAccessorImpl.invoke(NativeMethodAccessorImpl.java:62)
	at sun.reflect.DelegatingMethodAccessorImpl.invoke(DelegatingMethodAccessorImpl.java:43)
	at java.lang.reflect.Method.invoke(Method.java:498)
	at org.testng.internal.MethodInvocationHelper.invokeMethod(MethodInvocationHelper.java:124)
	at org.testng.internal.Invoker.invokeMethod(Invoker.java:583)
	at org.testng.internal.Invoker.invokeTestMethod(Invoker.java:719)
	at org.testng.internal.Invoker.invokeTestMethods(Invoker.java:989)
	at org.testng.internal.TestMethodWorker.invokeTestMethods(TestMethodWorker.java:125)
	at org.testng.internal.TestMethodWorker.run(TestMethodWorker.java:109)
	at org.testng.TestRunner.privateRun(TestRunner.java:648)
	at org.testng.TestRunner.run(TestRunner.java:505)
	at org.testng.SuiteRunner.runTest(SuiteRunner.java:455)
	at org.testng.SuiteRunner.runSequentially(SuiteRunner.java:450)
	at org.testng.SuiteRunner.privateRun(SuiteRunner.java:415)
	at org.testng.SuiteRunner.run(SuiteRunner.java:364)
	at org.testng.SuiteRunnerWorker.runSuite(SuiteRunnerWorker.java:52)
	at org.testng.SuiteRunnerWorker.run(SuiteRunnerWorker.java:84)
	at org.testng.TestNG.runSuitesSequentially(TestNG.java:1208)
	at org.testng.TestNG.runSuitesLocally(TestNG.java:1137)
	at org.testng.TestNG.runSuites(TestNG.java:1049)
	at org.testng.TestNG.run(TestNG.java:1017)
	at org.apache.maven.surefire.testng.TestNGExecutor.run(TestNGExecutor.java:135)
	at org.apache.maven.surefire.testng.TestNGDirectoryTestSuite.executeMulti(TestNGDirectoryTestSuite.java:193)
	at org.apache.maven.surefire.testng.TestNGDirectoryTestSuite.execute(TestNGDirectoryTestSuite.java:94)
	at org.apache.maven.surefire.testng.TestNGProvider.invoke(TestNGProvider.java:146)
	at org.apache.maven.surefire.booter.ForkedBooter.invokeProviderInSameClassLoader(ForkedBooter.java:384)
	at org.apache.maven.surefire.booter.ForkedBooter.runSuitesInProcess(ForkedBooter.java:345)
	at org.apache.maven.surefire.booter.ForkedBooter.execute(ForkedBooter.java:126)
	at org.apache.maven.surefire.booter.ForkedBooter.main(ForkedBooter.java:418)
</pre></div></td>
<td>35</td>
<td>com.demo.nopcommerce.testsuite.LoginTest@464bee09</td></tr>
<tr>
<td title='com.demo.nopcommerce.testsuite.RegistrationTest.verifyUserShouldNotRegisterSuccessfullyWithInvalidValidCredentials()'><b>verifyUserShouldNotRegisterSuccessfullyWithInvalidValidCredentials</b><br>Test class: com.demo.nopcommerce.testsuite.RegistrationTest<br/>
<a href="#Output-892237946" onClick='toggleBox("Output-892237946", this, "Show output", "Hide output");'>Show output</a>

<a href="#Output-892237946" onClick="toggleAllBoxes();">Show all outputs</a>
<div class='log' id="Output-892237946">
Clicking on register button [[ChromeDriver: chrome on WINDOWS (984890907287b9ca810be936303ec202)] -> link text: Register]<br><br/>
Clicking on Radio Button [[ChromeDriver: chrome on WINDOWS (984890907287b9ca810be936303ec202)] -> id: gender-male]<br><br/>
Enter First Name dhannoRunFirst Name Field [[ChromeDriver: chrome on WINDOWS (984890907287b9ca810be936303ec202)] -> id: FirstName]<br><br/>
Enter Last Name runLast Name Field [[ChromeDriver: chrome on WINDOWS (984890907287b9ca810be936303ec202)] -> id: LastName]<br><br/>
Selecting Date of Birth Day 4Date Field [[ChromeDriver: chrome on WINDOWS (984890907287b9ca810be936303ec202)] -> name: DateOfBirthDay]<br><br/>
Selecting Date of Birth Month mayBirth Month Field [[ChromeDriver: chrome on WINDOWS (984890907287b9ca810be936303ec202)] -> name: DateOfBirthMonth]<br><br/>
Selecting Date of Birth Year 1985Birth Year Field [[ChromeDriver: chrome on WINDOWS (984890907287b9ca810be936303ec202)] -> name: DateOfBirthYear]<br><br/>
Enter Email dhannoG1@gmail.comEmail Field [[ChromeDriver: chrome on WINDOWS (984890907287b9ca810be936303ec202)] -> id: Email]<br><br/>
Enter Company Name dhanno limitedCompany Name Field [[ChromeDriver: chrome on WINDOWS (984890907287b9ca810be936303ec202)] -> id: Company]<br><br/>
Clicking on check box button for NewsLetter [[ChromeDriver: chrome on WINDOWS (984890907287b9ca810be936303ec202)] -> id: Newsletter]<br><br/>
Enter Password dhannorun123@On Password Field[[ChromeDriver: chrome on WINDOWS (984890907287b9ca810be936303ec202)] -> id: Password]<br><br/>
Enter Confirm Password dhannorun123@Confirm Password Field [[ChromeDriver: chrome on WINDOWS (984890907287b9ca810be936303ec202)] -> id: ConfirmPassword]<br><br/>
Clicking On Registration Button [[ChromeDriver: chrome on WINDOWS (984890907287b9ca810be936303ec202)] -> id: register-button]<br><br/>
Getting Registration Complete Message Proxy element for: DefaultElementLocator 'By.className: result'<br><br/>
</div>
</td>
<td><div><pre>org.openqa.selenium.NoSuchElementException: no such element: Unable to locate element: {&quot;method&quot;:&quot;css selector&quot;,&quot;selector&quot;:&quot;.result&quot;}
  (Session info: chrome=81.0.4044.122)
For documentation on this error, please visit: https://www.seleniumhq.org/exceptions/no_such_element.html
Build info: version: &apos;3.141.59&apos;, revision: &apos;e82be7d358&apos;, time: &apos;2018-11-14T08:17:03&apos;
System info: host: &apos;DESKTOP-H84TQ4F&apos;, ip: &apos;192.168.0.17&apos;, os.name: &apos;Windows 10&apos;, os.arch: &apos;amd64&apos;, os.version: &apos;10.0&apos;, java.version: &apos;1.8.0_121&apos;
Driver info: org.openqa.selenium.chrome.ChromeDriver
Capabilities {acceptInsecureCerts: false, browserName: chrome, browserVersion: 81.0.4044.122, chrome: {chromedriverVersion: 80.0.3987.106 (f68069574609..., userDataDir: C:\Users\Pradip\AppData\Loc...}, goog:chromeOptions: {debuggerAddress: localhost:54091}, javascriptEnabled: true, networkConnectionEnabled: false, pageLoadStrategy: normal, platform: WINDOWS, platformName: WINDOWS, proxy: Proxy(), setWindowRect: true, strictFileInteractability: false, timeouts: {implicit: 0, pageLoad: 300000, script: 30000}, unhandledPromptBehavior: dismiss and notify}
Session ID: 984890907287b9ca810be936303ec202
*** Element info: {Using=class name, value=result}
	at org.openqa.selenium.remote.http.W3CHttpResponseCodec.createException(W3CHttpResponseCodec.java:187)
	at org.openqa.selenium.remote.http.W3CHttpResponseCodec.decode(W3CHttpResponseCodec.java:122)
	at org.openqa.selenium.remote.http.W3CHttpResponseCodec.decode(W3CHttpResponseCodec.java:49)
	at org.openqa.selenium.remote.HttpCommandExecutor.execute(HttpCommandExecutor.java:158)
	at org.openqa.selenium.remote.service.DriverCommandExecutor.execute(DriverCommandExecutor.java:83)
	at org.openqa.selenium.remote.RemoteWebDriver.execute(RemoteWebDriver.java:552)
	at org.openqa.selenium.remote.RemoteWebDriver.findElement(RemoteWebDriver.java:323)
	at org.openqa.selenium.remote.RemoteWebDriver.findElementByClassName(RemoteWebDriver.java:412)
	at org.openqa.selenium.By$ByClassName.findElement(By.java:389)
	at org.openqa.selenium.remote.RemoteWebDriver.findElement(RemoteWebDriver.java:315)
	at org.openqa.selenium.support.pagefactory.DefaultElementLocator.findElement(DefaultElementLocator.java:69)
	at org.openqa.selenium.support.pagefactory.internal.LocatingElementHandler.invoke(LocatingElementHandler.java:38)
	at com.sun.proxy.$Proxy9.getText(Unknown Source)
	at com.demo.nopcommerce.Utility.Utility.getTextFromElement(Utility.java:90)
	at com.demo.nopcommerce.pages.RegisterPage.registrationCompleteMessage(RegisterPage.java:130)
	at com.demo.nopcommerce.testsuite.RegistrationTest.verifyUserShouldNotRegisterSuccessfullyWithInvalidValidCredentials(RegistrationTest.java:85)
... Removed 34 stack frames</pre></div><a href='#' onClick='toggleBox("stack-trace892237946", this, "Click to show all stack frames", "Click to hide stack frames")'>Click to show all stack frames</a>
<div class='stack-trace' id='stack-trace892237946'><pre>org.openqa.selenium.NoSuchElementException: no such element: Unable to locate element: {&quot;method&quot;:&quot;css selector&quot;,&quot;selector&quot;:&quot;.result&quot;}
  (Session info: chrome=81.0.4044.122)
For documentation on this error, please visit: https://www.seleniumhq.org/exceptions/no_such_element.html
Build info: version: &apos;3.141.59&apos;, revision: &apos;e82be7d358&apos;, time: &apos;2018-11-14T08:17:03&apos;
System info: host: &apos;DESKTOP-H84TQ4F&apos;, ip: &apos;192.168.0.17&apos;, os.name: &apos;Windows 10&apos;, os.arch: &apos;amd64&apos;, os.version: &apos;10.0&apos;, java.version: &apos;1.8.0_121&apos;
Driver info: org.openqa.selenium.chrome.ChromeDriver
Capabilities {acceptInsecureCerts: false, browserName: chrome, browserVersion: 81.0.4044.122, chrome: {chromedriverVersion: 80.0.3987.106 (f68069574609..., userDataDir: C:\Users\Pradip\AppData\Loc...}, goog:chromeOptions: {debuggerAddress: localhost:54091}, javascriptEnabled: true, networkConnectionEnabled: false, pageLoadStrategy: normal, platform: WINDOWS, platformName: WINDOWS, proxy: Proxy(), setWindowRect: true, strictFileInteractability: false, timeouts: {implicit: 0, pageLoad: 300000, script: 30000}, unhandledPromptBehavior: dismiss and notify}
Session ID: 984890907287b9ca810be936303ec202
*** Element info: {Using=class name, value=result}
	at sun.reflect.NativeConstructorAccessorImpl.newInstance0(Native Method)
	at sun.reflect.NativeConstructorAccessorImpl.newInstance(NativeConstructorAccessorImpl.java:62)
	at sun.reflect.DelegatingConstructorAccessorImpl.newInstance(DelegatingConstructorAccessorImpl.java:45)
	at java.lang.reflect.Constructor.newInstance(Constructor.java:423)
	at org.openqa.selenium.remote.http.W3CHttpResponseCodec.createException(W3CHttpResponseCodec.java:187)
	at org.openqa.selenium.remote.http.W3CHttpResponseCodec.decode(W3CHttpResponseCodec.java:122)
	at org.openqa.selenium.remote.http.W3CHttpResponseCodec.decode(W3CHttpResponseCodec.java:49)
	at org.openqa.selenium.remote.HttpCommandExecutor.execute(HttpCommandExecutor.java:158)
	at org.openqa.selenium.remote.service.DriverCommandExecutor.execute(DriverCommandExecutor.java:83)
	at org.openqa.selenium.remote.RemoteWebDriver.execute(RemoteWebDriver.java:552)
	at org.openqa.selenium.remote.RemoteWebDriver.findElement(RemoteWebDriver.java:323)
	at org.openqa.selenium.remote.RemoteWebDriver.findElementByClassName(RemoteWebDriver.java:412)
	at org.openqa.selenium.By$ByClassName.findElement(By.java:389)
	at org.openqa.selenium.remote.RemoteWebDriver.findElement(RemoteWebDriver.java:315)
	at org.openqa.selenium.support.pagefactory.DefaultElementLocator.findElement(DefaultElementLocator.java:69)
	at org.openqa.selenium.support.pagefactory.internal.LocatingElementHandler.invoke(LocatingElementHandler.java:38)
	at com.sun.proxy.$Proxy9.getText(Unknown Source)
	at com.demo.nopcommerce.Utility.Utility.getTextFromElement(Utility.java:90)
	at com.demo.nopcommerce.pages.RegisterPage.registrationCompleteMessage(RegisterPage.java:130)
	at com.demo.nopcommerce.testsuite.RegistrationTest.verifyUserShouldNotRegisterSuccessfullyWithInvalidValidCredentials(RegistrationTest.java:85)
	at sun.reflect.NativeMethodAccessorImpl.invoke0(Native Method)
	at sun.reflect.NativeMethodAccessorImpl.invoke(NativeMethodAccessorImpl.java:62)
	at sun.reflect.DelegatingMethodAccessorImpl.invoke(DelegatingMethodAccessorImpl.java:43)
	at java.lang.reflect.Method.invoke(Method.java:498)
	at org.testng.internal.MethodInvocationHelper.invokeMethod(MethodInvocationHelper.java:124)
	at org.testng.internal.Invoker.invokeMethod(Invoker.java:583)
	at org.testng.internal.Invoker.invokeTestMethod(Invoker.java:719)
	at org.testng.internal.Invoker.invokeTestMethods(Invoker.java:989)
	at org.testng.internal.TestMethodWorker.invokeTestMethods(TestMethodWorker.java:125)
	at org.testng.internal.TestMethodWorker.run(TestMethodWorker.java:109)
	at org.testng.TestRunner.privateRun(TestRunner.java:648)
	at org.testng.TestRunner.run(TestRunner.java:505)
	at org.testng.SuiteRunner.runTest(SuiteRunner.java:455)
	at org.testng.SuiteRunner.runSequentially(SuiteRunner.java:450)
	at org.testng.SuiteRunner.privateRun(SuiteRunner.java:415)
	at org.testng.SuiteRunner.run(SuiteRunner.java:364)
	at org.testng.SuiteRunnerWorker.runSuite(SuiteRunnerWorker.java:52)
	at org.testng.SuiteRunnerWorker.run(SuiteRunnerWorker.java:84)
	at org.testng.TestNG.runSuitesSequentially(TestNG.java:1208)
	at org.testng.TestNG.runSuitesLocally(TestNG.java:1137)
	at org.testng.TestNG.runSuites(TestNG.java:1049)
	at org.testng.TestNG.run(TestNG.java:1017)
	at org.apache.maven.surefire.testng.TestNGExecutor.run(TestNGExecutor.java:135)
	at org.apache.maven.surefire.testng.TestNGDirectoryTestSuite.executeMulti(TestNGDirectoryTestSuite.java:193)
	at org.apache.maven.surefire.testng.TestNGDirectoryTestSuite.execute(TestNGDirectoryTestSuite.java:94)
	at org.apache.maven.surefire.testng.TestNGProvider.invoke(TestNGProvider.java:146)
	at org.apache.maven.surefire.booter.ForkedBooter.invokeProviderInSameClassLoader(ForkedBooter.java:384)
	at org.apache.maven.surefire.booter.ForkedBooter.runSuitesInProcess(ForkedBooter.java:345)
	at org.apache.maven.surefire.booter.ForkedBooter.execute(ForkedBooter.java:126)
	at org.apache.maven.surefire.booter.ForkedBooter.main(ForkedBooter.java:418)
</pre></div></td>
<td>114</td>
<td>com.demo.nopcommerce.testsuite.RegistrationTest@f6c48ac</td></tr>
</table><p>
<table width='100%' border='1' class='invocation-passed'>
<tr><td colspan='4' align='center'><b>PASSED TESTS</b></td></tr>
<tr><td><b>Test method</b></td>
<td width="30%"><b>Exception</b></td>
<td width="10%"><b>Time (seconds)</b></td>
<td><b>Instance</b></td>
</tr>
<tr>
<td title='com.demo.nopcommerce.testsuite.ComputerTest.verifyUserShouldAddProductToCartSuccessfully()'><b>verifyUserShouldAddProductToCartSuccessfully</b><br>Test class: com.demo.nopcommerce.testsuite.ComputerTest<br/>
<a href="#Output-2117173674" onClick='toggleBox("Output-2117173674", this, "Show output", "Hide output");'>Show output</a>

<a href="#Output-2117173674" onClick="toggleAllBoxes();">Show all outputs</a>
<div class='log' id="Output-2117173674">
Clicking on computer button [[ChromeDriver: chrome on WINDOWS (0ee2b4debc0d4e5f4a73bc696dbed12c)] -> xpath: //ul[@class='top-menu notmobile']//a[contains(text(),'Computers')]]<br><br/>
Clicking on Desktop button [[ChromeDriver: chrome on WINDOWS (0ee2b4debc0d4e5f4a73bc696dbed12c)] -> xpath: //ul[@class='top-menu notmobile']//a[contains(text(),'Desktops')]]<br><br/>
Clicking on position [[ChromeDriver: chrome on WINDOWS (0ee2b4debc0d4e5f4a73bc696dbed12c)] -> id: products-orderby]<br><br/>
Clicking on A to Z [[ChromeDriver: chrome on WINDOWS (0ee2b4debc0d4e5f4a73bc696dbed12c)] -> xpath: //option[contains(text(),'Name: A to Z')]]<br><br/>
Clicking on build computer [[ChromeDriver: chrome on WINDOWS (0ee2b4debc0d4e5f4a73bc696dbed12c)] -> link text: Build your own computer]<br><br/>
Clicking on radio button feature [[ChromeDriver: chrome on WINDOWS (0ee2b4debc0d4e5f4a73bc696dbed12c)] -> xpath: //input[@id='product_attribute_3_7']]<br/>
Clicking On add cart button [[ChromeDriver: chrome on WINDOWS (0ee2b4debc0d4e5f4a73bc696dbed12c)] -> id: add-to-cart-button-1]<br><br/>
Getting add to cart message [[ChromeDriver: chrome on WINDOWS (0ee2b4debc0d4e5f4a73bc696dbed12c)] -> class name: content]<br><br/>
</div>
</td>
<td></td>
<td>42</td>
<td>com.demo.nopcommerce.testsuite.ComputerTest@6eebc39e</td></tr>
<tr>
<td title='com.demo.nopcommerce.testsuite.LoginTest.verifyUserShouldLoginWithValidCredentialsSuccessfully()'><b>verifyUserShouldLoginWithValidCredentialsSuccessfully</b><br>Test class: com.demo.nopcommerce.testsuite.LoginTest<br/>
<a href="#Output-1865201235" onClick='toggleBox("Output-1865201235", this, "Show output", "Hide output");'>Show output</a>

<a href="#Output-1865201235" onClick="toggleAllBoxes();">Show all outputs</a>
<div class='log' id="Output-1865201235">
Enter email dhanno@gmail.comOn Email Field [[ChromeDriver: chrome on WINDOWS (b3f6ec94c9c7339bb30741dc25babe86)] -> id: Email]<br><br/>
Enter password 123456On Password Field [[ChromeDriver: chrome on WINDOWS (b3f6ec94c9c7339bb30741dc25babe86)] -> id: Password]<br><br/>
Clicking on login button [[ChromeDriver: chrome on WINDOWS (b3f6ec94c9c7339bb30741dc25babe86)] -> xpath: //input[@class='button-1 login-button']]<br><br/>
Getting welcome to store message [[ChromeDriver: chrome on WINDOWS (b3f6ec94c9c7339bb30741dc25babe86)] -> xpath: //h2[contains(text(),'Welcome to our store')]]<br><br/>
</div>
</td>
<td></td>
<td>36</td>
<td>com.demo.nopcommerce.testsuite.LoginTest@464bee09</td></tr>
<tr>
<td title='com.demo.nopcommerce.testsuite.ComputerTest.verifyUserShouldNavigateToComputersPage()'><b>verifyUserShouldNavigateToComputersPage</b><br>Test class: com.demo.nopcommerce.testsuite.ComputerTest<br/>
<a href="#Output-2075952726" onClick='toggleBox("Output-2075952726", this, "Show output", "Hide output");'>Show output</a>

<a href="#Output-2075952726" onClick="toggleAllBoxes();">Show all outputs</a>
<div class='log' id="Output-2075952726">
Clicking on computer button [[ChromeDriver: chrome on WINDOWS (52dd843663c0b771d83ee6d7d2ad03b8)] -> xpath: //ul[@class='top-menu notmobile']//a[contains(text(),'Computers')]]<br><br/>
Getting computer text message [[ChromeDriver: chrome on WINDOWS (52dd843663c0b771d83ee6d7d2ad03b8)] -> xpath: //ul[@class='top-menu notmobile']//a[contains(text(),'Computers')]]<br><br/>
</div>
</td>
<td></td>
<td>1</td>
<td>com.demo.nopcommerce.testsuite.ComputerTest@6eebc39e</td></tr>
<tr>
<td title='com.demo.nopcommerce.testsuite.LoginTest.verifyUserShouldNavigateToLoginFeature()'><b>verifyUserShouldNavigateToLoginFeature</b><br>Test class: com.demo.nopcommerce.testsuite.LoginTest<br/>
<a href="#Output-1465346452" onClick='toggleBox("Output-1465346452", this, "Show output", "Hide output");'>Show output</a>

<a href="#Output-1465346452" onClick="toggleAllBoxes();">Show all outputs</a>
<div class='log' id="Output-1465346452">
Getting welcome [[ChromeDriver: chrome on WINDOWS (98548f886b3403138578232af148b1ef)] -> xpath: //h1[contains(text(),'Welcome, Please Sign In!')]]<br><br/>
</div>
</td>
<td></td>
<td>2</td>
<td>com.demo.nopcommerce.testsuite.LoginTest@464bee09</td></tr>
<tr>
<td title='com.demo.nopcommerce.testsuite.RegistrationTest.verifyUserShouldNavigateToRegisterPage()'><b>verifyUserShouldNavigateToRegisterPage</b><br>Test class: com.demo.nopcommerce.testsuite.RegistrationTest<br/>
<a href="#Output-2065718717" onClick='toggleBox("Output-2065718717", this, "Show output", "Hide output");'>Show output</a>

<a href="#Output-2065718717" onClick="toggleAllBoxes();">Show all outputs</a>
<div class='log' id="Output-2065718717">
Clicking on register button [[ChromeDriver: chrome on WINDOWS (38d3c29381b1339fd0243ee60c4dd489)] -> link text: Register]<br><br/>
Getting Register message [[ChromeDriver: chrome on WINDOWS (38d3c29381b1339fd0243ee60c4dd489)] -> xpath: //strong[contains(text(),'Your Personal Details')]]<br><br/>
</div>
</td>
<td></td>
<td>7</td>
<td>com.demo.nopcommerce.testsuite.RegistrationTest@f6c48ac</td></tr>
<tr>
<td title='com.demo.nopcommerce.testsuite.RegistrationTest.verifyUserShouldRegisterSuccessfullyWithValidCredentials()'><b>verifyUserShouldRegisterSuccessfullyWithValidCredentials</b><br>Test class: com.demo.nopcommerce.testsuite.RegistrationTest<br/>
<a href="#Output-1230013344" onClick='toggleBox("Output-1230013344", this, "Show output", "Hide output");'>Show output</a>

<a href="#Output-1230013344" onClick="toggleAllBoxes();">Show all outputs</a>
<div class='log' id="Output-1230013344">
Clicking on register button [[ChromeDriver: chrome on WINDOWS (7f842830b8bcc4b20c0624c005a56f44)] -> link text: Register]<br><br/>
Clicking on Radio Button [[ChromeDriver: chrome on WINDOWS (7f842830b8bcc4b20c0624c005a56f44)] -> id: gender-male]<br><br/>
Enter First Name dhannoRunFirst Name Field [[ChromeDriver: chrome on WINDOWS (7f842830b8bcc4b20c0624c005a56f44)] -> id: FirstName]<br><br/>
Enter Last Name runLast Name Field [[ChromeDriver: chrome on WINDOWS (7f842830b8bcc4b20c0624c005a56f44)] -> id: LastName]<br><br/>
Selecting Date of Birth Day 4Date Field [[ChromeDriver: chrome on WINDOWS (7f842830b8bcc4b20c0624c005a56f44)] -> name: DateOfBirthDay]<br><br/>
Selecting Date of Birth Month mayBirth Month Field [[ChromeDriver: chrome on WINDOWS (7f842830b8bcc4b20c0624c005a56f44)] -> name: DateOfBirthMonth]<br><br/>
Selecting Date of Birth Year 1985Birth Year Field [[ChromeDriver: chrome on WINDOWS (7f842830b8bcc4b20c0624c005a56f44)] -> name: DateOfBirthYear]<br><br/>
Enter Email dhannoG1@gmail.comEmail Field [[ChromeDriver: chrome on WINDOWS (7f842830b8bcc4b20c0624c005a56f44)] -> id: Email]<br><br/>
Enter Company Name dhanno limitedCompany Name Field [[ChromeDriver: chrome on WINDOWS (7f842830b8bcc4b20c0624c005a56f44)] -> id: Company]<br><br/>
Clicking on check box button for NewsLetter [[ChromeDriver: chrome on WINDOWS (7f842830b8bcc4b20c0624c005a56f44)] -> id: Newsletter]<br><br/>
Enter Password dhannorun123@On Password Field[[ChromeDriver: chrome on WINDOWS (7f842830b8bcc4b20c0624c005a56f44)] -> id: Password]<br><br/>
Enter Confirm Password dhannorun123@Confirm Password Field [[ChromeDriver: chrome on WINDOWS (7f842830b8bcc4b20c0624c005a56f44)] -> id: ConfirmPassword]<br><br/>
Clicking On Registration Button [[ChromeDriver: chrome on WINDOWS (7f842830b8bcc4b20c0624c005a56f44)] -> id: register-button]<br><br/>
Getting Registration Complete Message [[ChromeDriver: chrome on WINDOWS (7f842830b8bcc4b20c0624c005a56f44)] -> class name: result]<br><br/>
</div>
</td>
<td></td>
<td>41</td>
<td>com.demo.nopcommerce.testsuite.RegistrationTest@f6c48ac</td></tr>
</table><p>
</body>
</html>