<?xml version="1.0" encoding="UTF-8"?>
<!-- Generated by org.testng.reporters.JUnitXMLReporter -->
<testsuite hostname="DESKTOP-H84TQ4F" ignored="0" name="Surefire test" tests="9" failures="3" timestamp="22 Apr 2020 19:12:45 GMT" time="570.402" errors="0">
  <testcase name="verifyUserShouldNavigateToComputersPage" time="1.301" classname="com.demo.nopcommerce.testsuite.ComputerTest"/>
  <testcase name="verifyUserShouldNavigateToLoginFeature" time="2.926" classname="com.demo.nopcommerce.testsuite.LoginTest"/>
  <testcase name="verifyUserShouldNavigateToRegisterPage" time="7.034" classname="com.demo.nopcommerce.testsuite.RegistrationTest"/>
  <testcase name="verifyUserShouldAddProductToCartSuccessfully" time="42.032" classname="com.demo.nopcommerce.testsuite.ComputerTest"/>
  <testcase name="verifyUserShouldLoginWithValidCredentialsSuccessfully" time="36.308" classname="com.demo.nopcommerce.testsuite.LoginTest"/>
  <testcase name="verifyUserShouldRegisterSuccessfullyWithValidCredentials" time="41.321" classname="com.demo.nopcommerce.testsuite.RegistrationTest"/>
  <testcase name="verifyUserShouldNotAddProductToCartSuccessfully" time="44.2" classname="com.demo.nopcommerce.testsuite.ComputerTest">
    <failure type="java.lang.AssertionError" message="The following asserts failed:
	expected [The product has been added to your shopping cart] but found [The product has been added to your shopping]">
      <![CDATA[java.lang.AssertionError: The following asserts failed:
expected [The product has been added to your shopping cart] but found [The product has been added to your shopping]
at com.demo.nopcommerce.testsuite.ComputerTest.verifyUserShouldNotAddProductToCartSuccessfully(ComputerTest.java:67)
... Removed 31 stack frames]]>
    </failure>
  </testcase> <!-- verifyUserShouldNotAddProductToCartSuccessfully -->
  <testcase name="verifyUserShouldNotLoginWithInvalidCredentialsSuccessfully" time="35.471" classname="com.demo.nopcommerce.testsuite.LoginTest">
    <failure type="java.lang.AssertionError" message="The following asserts failed:
	expected [Welcome to our store] but found [Welcome]">
      <![CDATA[java.lang.AssertionError: The following asserts failed:
expected [Welcome to our store] but found [Welcome]
at com.demo.nopcommerce.testsuite.LoginTest.verifyUserShouldNotLoginWithInvalidCredentialsSuccessfully(LoginTest.java:62)
... Removed 31 stack frames]]>
    </failure>
  </testcase> <!-- verifyUserShouldNotLoginWithInvalidCredentialsSuccessfully -->
  <testcase name="verifyUserShouldNotRegisterSuccessfullyWithInvalidValidCredentials" time="114.213" classname="com.demo.nopcommerce.testsuite.RegistrationTest">
    <failure type="org.openqa.selenium.NoSuchElementException" message="no such element: Unable to locate element: {&amp;quot;method&amp;quot;:&amp;quot;css selector&amp;quot;,&amp;quot;selector&amp;quot;:&amp;quot;.result&amp;quot;}
  (Session info: chrome=81.0.4044.122)
For documentation on this error, please visit: https://www.seleniumhq.org/exceptions/no_such_element.html
Build info: version: &amp;apos;3.141.59&amp;apos;, revision: &amp;apos;e82be7d358&amp;apos;, time: &amp;apos;2018-11-14T08:17:03&amp;apos;
System info: host: &amp;apos;DESKTOP-H84TQ4F&amp;apos;, ip: &amp;apos;192.168.0.17&amp;apos;, os.name: &amp;apos;Windows 10&amp;apos;, os.arch: &amp;apos;amd64&amp;apos;, os.version: &amp;apos;10.0&amp;apos;, java.version: &amp;apos;1.8.0_121&amp;apos;
Driver info: org.openqa.selenium.chrome.ChromeDriver
Capabilities {acceptInsecureCerts: false, browserName: chrome, browserVersion: 81.0.4044.122, chrome: {chromedriverVersion: 80.0.3987.106 (f68069574609..., userDataDir: C:\Users\Pradip\AppData\Loc...}, goog:chromeOptions: {debuggerAddress: localhost:54091}, javascriptEnabled: true, networkConnectionEnabled: false, pageLoadStrategy: normal, platform: WINDOWS, platformName: WINDOWS, proxy: Proxy(), setWindowRect: true, strictFileInteractability: false, timeouts: {implicit: 0, pageLoad: 300000, script: 30000}, unhandledPromptBehavior: dismiss and notify}
Session ID: 984890907287b9ca810be936303ec202
*** Element info: {Using=class name, value=result}">
      <![CDATA[org.openqa.selenium.NoSuchElementException: no such element: Unable to locate element: {"method":"css selector","selector":".result"}
  (Session info: chrome=81.0.4044.122)
For documentation on this error, please visit: https://www.seleniumhq.org/exceptions/no_such_element.html
Build info: version: '3.141.59', revision: 'e82be7d358', time: '2018-11-14T08:17:03'
System info: host: 'DESKTOP-H84TQ4F', ip: '192.168.0.17', os.name: 'Windows 10', os.arch: 'amd64', os.version: '10.0', java.version: '1.8.0_121'
Driver info: org.openqa.selenium.chrome.ChromeDriver
Capabilities {acceptInsecureCerts: false, browserName: chrome, browserVersion: 81.0.4044.122, chrome: {chromedriverVersion: 80.0.3987.106 (f68069574609..., userDataDir: C:\Users\Pradip\AppData\Loc...}, goog:chromeOptions: {debuggerAddress: localhost:54091}, javascriptEnabled: true, networkConnectionEnabled: false, pageLoadStrategy: normal, platform: WINDOWS, platformName: WINDOWS, proxy: Proxy(), setWindowRect: true, strictFileInteractability: false, timeouts: {implicit: 0, pageLoad: 300000, script: 30000}, unhandledPromptBehavior: dismiss and notify}
Session ID: 984890907287b9ca810be936303ec202
*** Element info: {Using=class name, value=result}
at org.openqa.selenium.remote.http.W3CHttpResponseCodec.createException(W3CHttpResponseCodec.java:187)
at org.openqa.selenium.remote.http.W3CHttpResponseCodec.decode(W3CHttpResponseCodec.java:122)
at org.openqa.selenium.remote.http.W3CHttpResponseCodec.decode(W3CHttpResponseCodec.java:49)
at org.openqa.selenium.remote.HttpCommandExecutor.execute(HttpCommandExecutor.java:158)
at org.openqa.selenium.remote.service.DriverCommandExecutor.execute(DriverCommandExecutor.java:83)
at org.openqa.selenium.remote.RemoteWebDriver.execute(RemoteWebDriver.java:552)
at org.openqa.selenium.remote.RemoteWebDriver.findElement(RemoteWebDriver.java:323)
at org.openqa.selenium.remote.RemoteWebDriver.findElementByClassName(RemoteWebDriver.java:412)
at org.openqa.selenium.By$ByClassName.findElement(By.java:389)
at org.openqa.selenium.remote.RemoteWebDriver.findElement(RemoteWebDriver.java:315)
at org.openqa.selenium.support.pagefactory.DefaultElementLocator.findElement(DefaultElementLocator.java:69)
at org.openqa.selenium.support.pagefactory.internal.LocatingElementHandler.invoke(LocatingElementHandler.java:38)
at com.sun.proxy.$Proxy9.getText(Unknown Source)
at com.demo.nopcommerce.Utility.Utility.getTextFromElement(Utility.java:90)
at com.demo.nopcommerce.pages.RegisterPage.registrationCompleteMessage(RegisterPage.java:130)
at com.demo.nopcommerce.testsuite.RegistrationTest.verifyUserShouldNotRegisterSuccessfullyWithInvalidValidCredentials(RegistrationTest.java:85)
... Removed 34 stack frames]]>
    </failure>
  </testcase> <!-- verifyUserShouldNotRegisterSuccessfullyWithInvalidValidCredentials -->
</testsuite> <!-- Surefire test -->
