<!DOCTYPE html PUBLIC "-//W3C//DTD XHTML 1.1//EN" "http://www.w3.org/TR/xhtml11/DTD/xhtml11.dtd">
<html xmlns="http://www.w3.org/1999/xhtml">
<head>
<meta http-equiv="content-type" content="text/html; charset=UTF-8"/>
<title>TestNG Report</title>
<style type="text/css">table {margin-bottom:10px;border-collapse:collapse;empty-cells:show}th,td {border:1px solid #009;padding:.25em .5em}th {vertical-align:bottom}td {vertical-align:top}table a {font-weight:bold}.stripe td {background-color: #E6EBF9}.num {text-align:right}.passedodd td {background-color: #3F3}.passedeven td {background-color: #0A0}.skippedodd td {background-color: #DDD}.skippedeven td {background-color: #CCC}.failedodd td,.attn {background-color: #F33}.failedeven td,.stripe .attn {background-color: #D00}.stacktrace {white-space:pre;font-family:monospace}.totop {font-size:85%;text-align:center;border-bottom:2px solid #000}.invisible {display:none}</style>
</head>
<body>
<table>
<tr><th>Test</th><th># Passed</th><th># Skipped</th><th># Failed</th><th>Time (ms)</th><th>Included Groups</th><th>Excluded Groups</th></tr>
<tr><th colspan="7">Surefire suite</th></tr>
<tr><td><a href="#t0">Surefire test</a></td><td class="num">6</td><td class="num">0</td><td class="num attn">3</td><td class="num">570,402</td><td></td><td></td></tr>
</table>
<table id='summary'><thead><tr><th>Class</th><th>Method</th><th>Start</th><th>Time (ms)</th></tr></thead><tbody><tr><th colspan="4">Surefire suite</th></tr></tbody><tbody id="t0"><tr><th colspan="4">Surefire test &#8212; failed</th></tr><tr class="failedeven"><td rowspan="1">com.demo.nopcommerce.testsuite.ComputerTest</td><td><a href="#m0">verifyUserShouldNotAddProductToCartSuccessfully</a></td><td rowspan="1">1587582503569</td><td rowspan="1">44200</td></tr><tr class="failedodd"><td rowspan="1">com.demo.nopcommerce.testsuite.LoginTest</td><td><a href="#m1">verifyUserShouldNotLoginWithInvalidCredentialsSuccessfully</a></td><td rowspan="1">1587582587810</td><td rowspan="1">35471</td></tr><tr class="failedeven"><td rowspan="1">com.demo.nopcommerce.testsuite.RegistrationTest</td><td><a href="#m2">verifyUserShouldNotRegisterSuccessfullyWithInvalidValidCredentials</a></td><td rowspan="1">1587582648940</td><td rowspan="1">114213</td></tr><tr><th colspan="4">Surefire test &#8212; passed</th></tr><tr class="passedeven"><td rowspan="2">com.demo.nopcommerce.testsuite.ComputerTest</td><td><a href="#m3">verifyUserShouldAddProductToCartSuccessfully</a></td><td rowspan="1">1587582310407</td><td rowspan="1">42032</td></tr><tr class="passedeven"><td><a href="#m4">verifyUserShouldNavigateToComputersPage</a></td><td rowspan="1">1587582247562</td><td rowspan="1">1301</td></tr><tr class="passedodd"><td rowspan="2">com.demo.nopcommerce.testsuite.LoginTest</td><td><a href="#m5">verifyUserShouldLoginWithValidCredentialsSuccessfully</a></td><td rowspan="1">1587582374604</td><td rowspan="1">36308</td></tr><tr class="passedodd"><td><a href="#m6">verifyUserShouldNavigateToLoginFeature</a></td><td rowspan="1">1587582265068</td><td rowspan="1">2926</td></tr><tr class="passedeven"><td rowspan="2">com.demo.nopcommerce.testsuite.RegistrationTest</td><td><a href="#m7">verifyUserShouldNavigateToRegisterPage</a></td><td rowspan="1">1587582286621</td><td rowspan="1">7034</td></tr><tr class="passedeven"><td><a href="#m8">verifyUserShouldRegisterSuccessfullyWithValidCredentials</a></td><td rowspan="1">1587582429570</td><td rowspan="1">41321</td></tr></tbody>
</table>
<h2>Surefire test</h2><h3 id="m0">com.demo.nopcommerce.testsuite.ComputerTest#verifyUserShouldNotAddProductToCartSuccessfully</h3><table class="result"><tr><th>Messages</th></tr><tr><td><div class="messages">Clicking on computer button [[ChromeDriver: chrome on WINDOWS (7f96a4cda5ecbeddcfc6f3634bc828ce)] -> xpath: //ul[@class='top-menu notmobile']//a[contains(text(),'Computers')]]<br><br/>Clicking on Desktop button [[ChromeDriver: chrome on WINDOWS (7f96a4cda5ecbeddcfc6f3634bc828ce)] -> xpath: //ul[@class='top-menu notmobile']//a[contains(text(),'Desktops')]]<br><br/>Clicking on position [[ChromeDriver: chrome on WINDOWS (7f96a4cda5ecbeddcfc6f3634bc828ce)] -> id: products-orderby]<br><br/>Clicking on A to Z [[ChromeDriver: chrome on WINDOWS (7f96a4cda5ecbeddcfc6f3634bc828ce)] -> xpath: //option[contains(text(),'Name: A to Z')]]<br><br/>Clicking on build computer [[ChromeDriver: chrome on WINDOWS (7f96a4cda5ecbeddcfc6f3634bc828ce)] -> link text: Build your own computer]<br><br/>Clicking on radio button feature [[ChromeDriver: chrome on WINDOWS (7f96a4cda5ecbeddcfc6f3634bc828ce)] -> xpath: //input[@id='product_attribute_3_7']]<br/>Clicking On add cart button [[ChromeDriver: chrome on WINDOWS (7f96a4cda5ecbeddcfc6f3634bc828ce)] -> id: add-to-cart-button-1]<br><br/>Getting add to cart message [[ChromeDriver: chrome on WINDOWS (7f96a4cda5ecbeddcfc6f3634bc828ce)] -> class name: content]<br></div></td></tr><tr><th>Exception</th></tr><tr><td><div class="stacktrace">java.lang.AssertionError: The following asserts failed:
	expected [The product has been added to your shopping cart] but found [The product has been added to your shopping]
	at com.demo.nopcommerce.testsuite.ComputerTest.verifyUserShouldNotAddProductToCartSuccessfully(ComputerTest.java:67)
... Removed 31 stack frames</div></td></tr></table><p class="totop"><a href="#summary">back to summary</a></p>
<h3 id="m1">com.demo.nopcommerce.testsuite.LoginTest#verifyUserShouldNotLoginWithInvalidCredentialsSuccessfully</h3><table class="result"><tr><th>Messages</th></tr><tr><td><div class="messages">Enter email dhanno@gmail.comOn Email Field [[ChromeDriver: chrome on WINDOWS (ac62005a2b158d370418a74f4c0170c1)] -> id: Email]<br><br/>Enter password 123456On Password Field [[ChromeDriver: chrome on WINDOWS (ac62005a2b158d370418a74f4c0170c1)] -> id: Password]<br><br/>Clicking on login button [[ChromeDriver: chrome on WINDOWS (ac62005a2b158d370418a74f4c0170c1)] -> xpath: //input[@class='button-1 login-button']]<br><br/>Getting welcome to store message [[ChromeDriver: chrome on WINDOWS (ac62005a2b158d370418a74f4c0170c1)] -> xpath: //h2[contains(text(),'Welcome to our store')]]<br></div></td></tr><tr><th>Exception</th></tr><tr><td><div class="stacktrace">java.lang.AssertionError: The following asserts failed:
	expected [Welcome to our store] but found [Welcome]
	at com.demo.nopcommerce.testsuite.LoginTest.verifyUserShouldNotLoginWithInvalidCredentialsSuccessfully(LoginTest.java:62)
... Removed 31 stack frames</div></td></tr></table><p class="totop"><a href="#summary">back to summary</a></p>
<h3 id="m2">com.demo.nopcommerce.testsuite.RegistrationTest#verifyUserShouldNotRegisterSuccessfullyWithInvalidValidCredentials</h3><table class="result"><tr><th>Messages</th></tr><tr><td><div class="messages">Clicking on register button [[ChromeDriver: chrome on WINDOWS (984890907287b9ca810be936303ec202)] -> link text: Register]<br><br/>Clicking on Radio Button [[ChromeDriver: chrome on WINDOWS (984890907287b9ca810be936303ec202)] -> id: gender-male]<br><br/>Enter First Name dhannoRunFirst Name Field [[ChromeDriver: chrome on WINDOWS (984890907287b9ca810be936303ec202)] -> id: FirstName]<br><br/>Enter Last Name runLast Name Field [[ChromeDriver: chrome on WINDOWS (984890907287b9ca810be936303ec202)] -> id: LastName]<br><br/>Selecting Date of Birth Day 4Date Field [[ChromeDriver: chrome on WINDOWS (984890907287b9ca810be936303ec202)] -> name: DateOfBirthDay]<br><br/>Selecting Date of Birth Month mayBirth Month Field [[ChromeDriver: chrome on WINDOWS (984890907287b9ca810be936303ec202)] -> name: DateOfBirthMonth]<br><br/>Selecting Date of Birth Year 1985Birth Year Field [[ChromeDriver: chrome on WINDOWS (984890907287b9ca810be936303ec202)] -> name: DateOfBirthYear]<br><br/>Enter Email dhannoG1@gmail.comEmail Field [[ChromeDriver: chrome on WINDOWS (984890907287b9ca810be936303ec202)] -> id: Email]<br><br/>Enter Company Name dhanno limitedCompany Name Field [[ChromeDriver: chrome on WINDOWS (984890907287b9ca810be936303ec202)] -> id: Company]<br><br/>Clicking on check box button for NewsLetter [[ChromeDriver: chrome on WINDOWS (984890907287b9ca810be936303ec202)] -> id: Newsletter]<br><br/>Enter Password dhannorun123@On Password Field[[ChromeDriver: chrome on WINDOWS (984890907287b9ca810be936303ec202)] -> id: Password]<br><br/>Enter Confirm Password dhannorun123@Confirm Password Field [[ChromeDriver: chrome on WINDOWS (984890907287b9ca810be936303ec202)] -> id: ConfirmPassword]<br><br/>Clicking On Registration Button [[ChromeDriver: chrome on WINDOWS (984890907287b9ca810be936303ec202)] -> id: register-button]<br><br/>Getting Registration Complete Message Proxy element for: DefaultElementLocator 'By.className: result'<br></div></td></tr><tr><th>Exception</th></tr><tr><td><div class="stacktrace">org.openqa.selenium.NoSuchElementException: no such element: Unable to locate element: {&quot;method&quot;:&quot;css selector&quot;,&quot;selector&quot;:&quot;.result&quot;}
  (Session info: chrome=81.0.4044.122)
For documentation on this error, please visit: https://www.seleniumhq.org/exceptions/no_such_element.html
Build info: version: &apos;3.141.59&apos;, revision: &apos;e82be7d358&apos;, time: &apos;2018-11-14T08:17:03&apos;
System info: host: &apos;DESKTOP-H84TQ4F&apos;, ip: &apos;192.168.0.17&apos;, os.name: &apos;Windows 10&apos;, os.arch: &apos;amd64&apos;, os.version: &apos;10.0&apos;, java.version: &apos;1.8.0_121&apos;
Driver info: org.openqa.selenium.chrome.ChromeDriver
Capabilities {acceptInsecureCerts: false, browserName: chrome, browserVersion: 81.0.4044.122, chrome: {chromedriverVersion: 80.0.3987.106 (f68069574609..., userDataDir: C:\Users\Pradip\AppData\Loc...}, goog:chromeOptions: {debuggerAddress: localhost:54091}, javascriptEnabled: true, networkConnectionEnabled: false, pageLoadStrategy: normal, platform: WINDOWS, platformName: WINDOWS, proxy: Proxy(), setWindowRect: true, strictFileInteractability: false, timeouts: {implicit: 0, pageLoad: 300000, script: 30000}, unhandledPromptBehavior: dismiss and notify}
Session ID: 984890907287b9ca810be936303ec202
*** Element info: {Using=class name, value=result}
	at org.openqa.selenium.remote.http.W3CHttpResponseCodec.createException(W3CHttpResponseCodec.java:187)
	at org.openqa.selenium.remote.http.W3CHttpResponseCodec.decode(W3CHttpResponseCodec.java:122)
	at org.openqa.selenium.remote.http.W3CHttpResponseCodec.decode(W3CHttpResponseCodec.java:49)
	at org.openqa.selenium.remote.HttpCommandExecutor.execute(HttpCommandExecutor.java:158)
	at org.openqa.selenium.remote.service.DriverCommandExecutor.execute(DriverCommandExecutor.java:83)
	at org.openqa.selenium.remote.RemoteWebDriver.execute(RemoteWebDriver.java:552)
	at org.openqa.selenium.remote.RemoteWebDriver.findElement(RemoteWebDriver.java:323)
	at org.openqa.selenium.remote.RemoteWebDriver.findElementByClassName(RemoteWebDriver.java:412)
	at org.openqa.selenium.By$ByClassName.findElement(By.java:389)
	at org.openqa.selenium.remote.RemoteWebDriver.findElement(RemoteWebDriver.java:315)
	at org.openqa.selenium.support.pagefactory.DefaultElementLocator.findElement(DefaultElementLocator.java:69)
	at org.openqa.selenium.support.pagefactory.internal.LocatingElementHandler.invoke(LocatingElementHandler.java:38)
	at com.sun.proxy.$Proxy9.getText(Unknown Source)
	at com.demo.nopcommerce.Utility.Utility.getTextFromElement(Utility.java:90)
	at com.demo.nopcommerce.pages.RegisterPage.registrationCompleteMessage(RegisterPage.java:130)
	at com.demo.nopcommerce.testsuite.RegistrationTest.verifyUserShouldNotRegisterSuccessfullyWithInvalidValidCredentials(RegistrationTest.java:85)
... Removed 34 stack frames</div></td></tr></table><p class="totop"><a href="#summary">back to summary</a></p>
<h3 id="m3">com.demo.nopcommerce.testsuite.ComputerTest#verifyUserShouldAddProductToCartSuccessfully</h3><table class="result"><tr><th>Messages</th></tr><tr><td><div class="messages">Clicking on computer button [[ChromeDriver: chrome on WINDOWS (0ee2b4debc0d4e5f4a73bc696dbed12c)] -> xpath: //ul[@class='top-menu notmobile']//a[contains(text(),'Computers')]]<br><br/>Clicking on Desktop button [[ChromeDriver: chrome on WINDOWS (0ee2b4debc0d4e5f4a73bc696dbed12c)] -> xpath: //ul[@class='top-menu notmobile']//a[contains(text(),'Desktops')]]<br><br/>Clicking on position [[ChromeDriver: chrome on WINDOWS (0ee2b4debc0d4e5f4a73bc696dbed12c)] -> id: products-orderby]<br><br/>Clicking on A to Z [[ChromeDriver: chrome on WINDOWS (0ee2b4debc0d4e5f4a73bc696dbed12c)] -> xpath: //option[contains(text(),'Name: A to Z')]]<br><br/>Clicking on build computer [[ChromeDriver: chrome on WINDOWS (0ee2b4debc0d4e5f4a73bc696dbed12c)] -> link text: Build your own computer]<br><br/>Clicking on radio button feature [[ChromeDriver: chrome on WINDOWS (0ee2b4debc0d4e5f4a73bc696dbed12c)] -> xpath: //input[@id='product_attribute_3_7']]<br/>Clicking On add cart button [[ChromeDriver: chrome on WINDOWS (0ee2b4debc0d4e5f4a73bc696dbed12c)] -> id: add-to-cart-button-1]<br><br/>Getting add to cart message [[ChromeDriver: chrome on WINDOWS (0ee2b4debc0d4e5f4a73bc696dbed12c)] -> class name: content]<br></div></td></tr></table><p class="totop"><a href="#summary">back to summary</a></p>
<h3 id="m4">com.demo.nopcommerce.testsuite.ComputerTest#verifyUserShouldNavigateToComputersPage</h3><table class="result"><tr><th>Messages</th></tr><tr><td><div class="messages">Clicking on computer button [[ChromeDriver: chrome on WINDOWS (52dd843663c0b771d83ee6d7d2ad03b8)] -> xpath: //ul[@class='top-menu notmobile']//a[contains(text(),'Computers')]]<br><br/>Getting computer text message [[ChromeDriver: chrome on WINDOWS (52dd843663c0b771d83ee6d7d2ad03b8)] -> xpath: //ul[@class='top-menu notmobile']//a[contains(text(),'Computers')]]<br></div></td></tr></table><p class="totop"><a href="#summary">back to summary</a></p>
<h3 id="m5">com.demo.nopcommerce.testsuite.LoginTest#verifyUserShouldLoginWithValidCredentialsSuccessfully</h3><table class="result"><tr><th>Messages</th></tr><tr><td><div class="messages">Enter email dhanno@gmail.comOn Email Field [[ChromeDriver: chrome on WINDOWS (b3f6ec94c9c7339bb30741dc25babe86)] -> id: Email]<br><br/>Enter password 123456On Password Field [[ChromeDriver: chrome on WINDOWS (b3f6ec94c9c7339bb30741dc25babe86)] -> id: Password]<br><br/>Clicking on login button [[ChromeDriver: chrome on WINDOWS (b3f6ec94c9c7339bb30741dc25babe86)] -> xpath: //input[@class='button-1 login-button']]<br><br/>Getting welcome to store message [[ChromeDriver: chrome on WINDOWS (b3f6ec94c9c7339bb30741dc25babe86)] -> xpath: //h2[contains(text(),'Welcome to our store')]]<br></div></td></tr></table><p class="totop"><a href="#summary">back to summary</a></p>
<h3 id="m6">com.demo.nopcommerce.testsuite.LoginTest#verifyUserShouldNavigateToLoginFeature</h3><table class="result"><tr><th>Messages</th></tr><tr><td><div class="messages">Getting welcome [[ChromeDriver: chrome on WINDOWS (98548f886b3403138578232af148b1ef)] -> xpath: //h1[contains(text(),'Welcome, Please Sign In!')]]<br></div></td></tr></table><p class="totop"><a href="#summary">back to summary</a></p>
<h3 id="m7">com.demo.nopcommerce.testsuite.RegistrationTest#verifyUserShouldNavigateToRegisterPage</h3><table class="result"><tr><th>Messages</th></tr><tr><td><div class="messages">Clicking on register button [[ChromeDriver: chrome on WINDOWS (38d3c29381b1339fd0243ee60c4dd489)] -> link text: Register]<br><br/>Getting Register message [[ChromeDriver: chrome on WINDOWS (38d3c29381b1339fd0243ee60c4dd489)] -> xpath: //strong[contains(text(),'Your Personal Details')]]<br></div></td></tr></table><p class="totop"><a href="#summary">back to summary</a></p>
<h3 id="m8">com.demo.nopcommerce.testsuite.RegistrationTest#verifyUserShouldRegisterSuccessfullyWithValidCredentials</h3><table class="result"><tr><th>Messages</th></tr><tr><td><div class="messages">Clicking on register button [[ChromeDriver: chrome on WINDOWS (7f842830b8bcc4b20c0624c005a56f44)] -> link text: Register]<br><br/>Clicking on Radio Button [[ChromeDriver: chrome on WINDOWS (7f842830b8bcc4b20c0624c005a56f44)] -> id: gender-male]<br><br/>Enter First Name dhannoRunFirst Name Field [[ChromeDriver: chrome on WINDOWS (7f842830b8bcc4b20c0624c005a56f44)] -> id: FirstName]<br><br/>Enter Last Name runLast Name Field [[ChromeDriver: chrome on WINDOWS (7f842830b8bcc4b20c0624c005a56f44)] -> id: LastName]<br><br/>Selecting Date of Birth Day 4Date Field [[ChromeDriver: chrome on WINDOWS (7f842830b8bcc4b20c0624c005a56f44)] -> name: DateOfBirthDay]<br><br/>Selecting Date of Birth Month mayBirth Month Field [[ChromeDriver: chrome on WINDOWS (7f842830b8bcc4b20c0624c005a56f44)] -> name: DateOfBirthMonth]<br><br/>Selecting Date of Birth Year 1985Birth Year Field [[ChromeDriver: chrome on WINDOWS (7f842830b8bcc4b20c0624c005a56f44)] -> name: DateOfBirthYear]<br><br/>Enter Email dhannoG1@gmail.comEmail Field [[ChromeDriver: chrome on WINDOWS (7f842830b8bcc4b20c0624c005a56f44)] -> id: Email]<br><br/>Enter Company Name dhanno limitedCompany Name Field [[ChromeDriver: chrome on WINDOWS (7f842830b8bcc4b20c0624c005a56f44)] -> id: Company]<br><br/>Clicking on check box button for NewsLetter [[ChromeDriver: chrome on WINDOWS (7f842830b8bcc4b20c0624c005a56f44)] -> id: Newsletter]<br><br/>Enter Password dhannorun123@On Password Field[[ChromeDriver: chrome on WINDOWS (7f842830b8bcc4b20c0624c005a56f44)] -> id: Password]<br><br/>Enter Confirm Password dhannorun123@Confirm Password Field [[ChromeDriver: chrome on WINDOWS (7f842830b8bcc4b20c0624c005a56f44)] -> id: ConfirmPassword]<br><br/>Clicking On Registration Button [[ChromeDriver: chrome on WINDOWS (7f842830b8bcc4b20c0624c005a56f44)] -> id: register-button]<br><br/>Getting Registration Complete Message [[ChromeDriver: chrome on WINDOWS (7f842830b8bcc4b20c0624c005a56f44)] -> class name: result]<br></div></td></tr></table><p class="totop"><a href="#summary">back to summary</a></p>
</body>
</html>
