<?xml version="1.0" encoding="UTF-8"?>
<testsuite xmlns:xsi="http://www.w3.org/2001/XMLSchema-instance" xsi:noNamespaceSchemaLocation="https://maven.apache.org/surefire/maven-surefire-plugin/xsd/surefire-test-report.xsd" name="TestSuite" time="575.776" tests="9" errors="0" skipped="0" failures="3">
  <properties>
    <property name="sun.desktop" value="windows"/>
    <property name="awt.toolkit" value="sun.awt.windows.WToolkit"/>
    <property name="file.encoding.pkg" value="sun.io"/>
    <property name="java.specification.version" value="1.8"/>
    <property name="sun.cpu.isalist" value="amd64"/>
    <property name="sun.jnu.encoding" value="Cp1252"/>
    <property name="java.class.path" value="C:\Users\Pradip\IdeaProjects\nop-commerce-page-factory\target\test-classes;C:\Users\Pradip\IdeaProjects\nop-commerce-page-factory\target\classes;C:\Users\Pradip\.m2\repository\org\seleniumhq\selenium\selenium-java\3.141.59\selenium-java-3.141.59.jar;C:\Users\Pradip\.m2\repository\org\seleniumhq\selenium\selenium-api\3.141.59\selenium-api-3.141.59.jar;C:\Users\Pradip\.m2\repository\org\seleniumhq\selenium\selenium-chrome-driver\3.141.59\selenium-chrome-driver-3.141.59.jar;C:\Users\Pradip\.m2\repository\org\seleniumhq\selenium\selenium-edge-driver\3.141.59\selenium-edge-driver-3.141.59.jar;C:\Users\Pradip\.m2\repository\org\seleniumhq\selenium\selenium-firefox-driver\3.141.59\selenium-firefox-driver-3.141.59.jar;C:\Users\Pradip\.m2\repository\org\seleniumhq\selenium\selenium-ie-driver\3.141.59\selenium-ie-driver-3.141.59.jar;C:\Users\Pradip\.m2\repository\org\seleniumhq\selenium\selenium-opera-driver\3.141.59\selenium-opera-driver-3.141.59.jar;C:\Users\Pradip\.m2\repository\org\seleniumhq\selenium\selenium-remote-driver\3.141.59\selenium-remote-driver-3.141.59.jar;C:\Users\Pradip\.m2\repository\org\seleniumhq\selenium\selenium-safari-driver\3.141.59\selenium-safari-driver-3.141.59.jar;C:\Users\Pradip\.m2\repository\org\seleniumhq\selenium\selenium-support\3.141.59\selenium-support-3.141.59.jar;C:\Users\Pradip\.m2\repository\net\bytebuddy\byte-buddy\1.8.15\byte-buddy-1.8.15.jar;C:\Users\Pradip\.m2\repository\org\apache\commons\commons-exec\1.3\commons-exec-1.3.jar;C:\Users\Pradip\.m2\repository\com\google\guava\guava\25.0-jre\guava-25.0-jre.jar;C:\Users\Pradip\.m2\repository\com\google\code\findbugs\jsr305\1.3.9\jsr305-1.3.9.jar;C:\Users\Pradip\.m2\repository\org\checkerframework\checker-compat-qual\2.0.0\checker-compat-qual-2.0.0.jar;C:\Users\Pradip\.m2\repository\com\google\errorprone\error_prone_annotations\2.1.3\error_prone_annotations-2.1.3.jar;C:\Users\Pradip\.m2\repository\com\google\j2objc\j2objc-annotations\1.1\j2objc-annotations-1.1.jar;C:\Users\Pradip\.m2\repository\org\codehaus\mojo\animal-sniffer-annotations\1.14\animal-sniffer-annotations-1.14.jar;C:\Users\Pradip\.m2\repository\com\squareup\okhttp3\okhttp\3.11.0\okhttp-3.11.0.jar;C:\Users\Pradip\.m2\repository\com\squareup\okio\okio\1.14.0\okio-1.14.0.jar;C:\Users\Pradip\.m2\repository\org\testng\testng\6.14.3\testng-6.14.3.jar;C:\Users\Pradip\.m2\repository\com\beust\jcommander\1.72\jcommander-1.72.jar;C:\Users\Pradip\.m2\repository\org\apache-extras\beanshell\bsh\2.0b6\bsh-2.0b6.jar;C:\Users\Pradip\.m2\repository\commons-io\commons-io\2.6\commons-io-2.6.jar;C:\Users\Pradip\.m2\repository\org\uncommons\reportng\1.1.4\reportng-1.1.4.jar;C:\Users\Pradip\.m2\repository\velocity\velocity\1.4\velocity-1.4.jar;C:\Users\Pradip\.m2\repository\velocity\velocity-dep\1.4\velocity-dep-1.4.jar;C:\Users\Pradip\.m2\repository\com\google\inject\guice\4.1.0\guice-4.1.0.jar;C:\Users\Pradip\.m2\repository\javax\inject\javax.inject\1\javax.inject-1.jar;C:\Users\Pradip\.m2\repository\aopalliance\aopalliance\1.0\aopalliance-1.0.jar;C:\Users\Pradip\.m2\repository\org\apache\velocity\velocity\1.7\velocity-1.7.jar;C:\Users\Pradip\.m2\repository\commons-collections\commons-collections\3.2.1\commons-collections-3.2.1.jar;C:\Users\Pradip\.m2\repository\commons-lang\commons-lang\2.4\commons-lang-2.4.jar;C:\Users\Pradip\.m2\repository\log4j\log4j\1.2.17\log4j-1.2.17.jar;C:\Users\Pradip\.m2\repository\org\apache\poi\poi\3.17\poi-3.17.jar;C:\Users\Pradip\.m2\repository\commons-codec\commons-codec\1.10\commons-codec-1.10.jar;C:\Users\Pradip\.m2\repository\org\apache\commons\commons-collections4\4.1\commons-collections4-4.1.jar;C:\Users\Pradip\.m2\repository\org\apache\poi\poi-ooxml\3.17\poi-ooxml-3.17.jar;C:\Users\Pradip\.m2\repository\org\apache\poi\poi-ooxml-schemas\3.17\poi-ooxml-schemas-3.17.jar;C:\Users\Pradip\.m2\repository\org\apache\xmlbeans\xmlbeans\2.6.0\xmlbeans-2.6.0.jar;C:\Users\Pradip\.m2\repository\stax\stax-api\1.0.1\stax-api-1.0.1.jar;C:\Users\Pradip\.m2\repository\com\github\virtuald\curvesapi\1.04\curvesapi-1.04.jar;"/>
    <property name="java.vm.vendor" value="Oracle Corporation"/>
    <property name="sun.arch.data.model" value="64"/>
    <property name="user.variant" value=""/>
    <property name="java.vendor.url" value="http://java.oracle.com/"/>
    <property name="user.timezone" value="Europe/London"/>
    <property name="java.vm.specification.version" value="1.8"/>
    <property name="os.name" value="Windows 10"/>
    <property name="user.country" value="GB"/>
    <property name="sun.java.launcher" value="SUN_STANDARD"/>
    <property name="sun.boot.library.path" value="C:\Program Files\Java\jdk1.8.0_121\jre\bin"/>
    <property name="sun.java.command" value="C:\Users\Pradip\AppData\Local\Temp\surefire6876891897444175348\surefirebooter3562043186944857680.jar C:\Users\Pradip\AppData\Local\Temp\surefire6876891897444175348 2020-04-22T20-03-02_641-jvmRun1 surefire4164428047184935479tmp surefire_08714508133327274896tmp"/>
    <property name="surefire.test.class.path" value="C:\Users\Pradip\IdeaProjects\nop-commerce-page-factory\target\test-classes;C:\Users\Pradip\IdeaProjects\nop-commerce-page-factory\target\classes;C:\Users\Pradip\.m2\repository\org\seleniumhq\selenium\selenium-java\3.141.59\selenium-java-3.141.59.jar;C:\Users\Pradip\.m2\repository\org\seleniumhq\selenium\selenium-api\3.141.59\selenium-api-3.141.59.jar;C:\Users\Pradip\.m2\repository\org\seleniumhq\selenium\selenium-chrome-driver\3.141.59\selenium-chrome-driver-3.141.59.jar;C:\Users\Pradip\.m2\repository\org\seleniumhq\selenium\selenium-edge-driver\3.141.59\selenium-edge-driver-3.141.59.jar;C:\Users\Pradip\.m2\repository\org\seleniumhq\selenium\selenium-firefox-driver\3.141.59\selenium-firefox-driver-3.141.59.jar;C:\Users\Pradip\.m2\repository\org\seleniumhq\selenium\selenium-ie-driver\3.141.59\selenium-ie-driver-3.141.59.jar;C:\Users\Pradip\.m2\repository\org\seleniumhq\selenium\selenium-opera-driver\3.141.59\selenium-opera-driver-3.141.59.jar;C:\Users\Pradip\.m2\repository\org\seleniumhq\selenium\selenium-remote-driver\3.141.59\selenium-remote-driver-3.141.59.jar;C:\Users\Pradip\.m2\repository\org\seleniumhq\selenium\selenium-safari-driver\3.141.59\selenium-safari-driver-3.141.59.jar;C:\Users\Pradip\.m2\repository\org\seleniumhq\selenium\selenium-support\3.141.59\selenium-support-3.141.59.jar;C:\Users\Pradip\.m2\repository\net\bytebuddy\byte-buddy\1.8.15\byte-buddy-1.8.15.jar;C:\Users\Pradip\.m2\repository\org\apache\commons\commons-exec\1.3\commons-exec-1.3.jar;C:\Users\Pradip\.m2\repository\com\google\guava\guava\25.0-jre\guava-25.0-jre.jar;C:\Users\Pradip\.m2\repository\com\google\code\findbugs\jsr305\1.3.9\jsr305-1.3.9.jar;C:\Users\Pradip\.m2\repository\org\checkerframework\checker-compat-qual\2.0.0\checker-compat-qual-2.0.0.jar;C:\Users\Pradip\.m2\repository\com\google\errorprone\error_prone_annotations\2.1.3\error_prone_annotations-2.1.3.jar;C:\Users\Pradip\.m2\repository\com\google\j2objc\j2objc-annotations\1.1\j2objc-annotations-1.1.jar;C:\Users\Pradip\.m2\repository\org\codehaus\mojo\animal-sniffer-annotations\1.14\animal-sniffer-annotations-1.14.jar;C:\Users\Pradip\.m2\repository\com\squareup\okhttp3\okhttp\3.11.0\okhttp-3.11.0.jar;C:\Users\Pradip\.m2\repository\com\squareup\okio\okio\1.14.0\okio-1.14.0.jar;C:\Users\Pradip\.m2\repository\org\testng\testng\6.14.3\testng-6.14.3.jar;C:\Users\Pradip\.m2\repository\com\beust\jcommander\1.72\jcommander-1.72.jar;C:\Users\Pradip\.m2\repository\org\apache-extras\beanshell\bsh\2.0b6\bsh-2.0b6.jar;C:\Users\Pradip\.m2\repository\commons-io\commons-io\2.6\commons-io-2.6.jar;C:\Users\Pradip\.m2\repository\org\uncommons\reportng\1.1.4\reportng-1.1.4.jar;C:\Users\Pradip\.m2\repository\velocity\velocity\1.4\velocity-1.4.jar;C:\Users\Pradip\.m2\repository\velocity\velocity-dep\1.4\velocity-dep-1.4.jar;C:\Users\Pradip\.m2\repository\com\google\inject\guice\4.1.0\guice-4.1.0.jar;C:\Users\Pradip\.m2\repository\javax\inject\javax.inject\1\javax.inject-1.jar;C:\Users\Pradip\.m2\repository\aopalliance\aopalliance\1.0\aopalliance-1.0.jar;C:\Users\Pradip\.m2\repository\org\apache\velocity\velocity\1.7\velocity-1.7.jar;C:\Users\Pradip\.m2\repository\commons-collections\commons-collections\3.2.1\commons-collections-3.2.1.jar;C:\Users\Pradip\.m2\repository\commons-lang\commons-lang\2.4\commons-lang-2.4.jar;C:\Users\Pradip\.m2\repository\log4j\log4j\1.2.17\log4j-1.2.17.jar;C:\Users\Pradip\.m2\repository\org\apache\poi\poi\3.17\poi-3.17.jar;C:\Users\Pradip\.m2\repository\commons-codec\commons-codec\1.10\commons-codec-1.10.jar;C:\Users\Pradip\.m2\repository\org\apache\commons\commons-collections4\4.1\commons-collections4-4.1.jar;C:\Users\Pradip\.m2\repository\org\apache\poi\poi-ooxml\3.17\poi-ooxml-3.17.jar;C:\Users\Pradip\.m2\repository\org\apache\poi\poi-ooxml-schemas\3.17\poi-ooxml-schemas-3.17.jar;C:\Users\Pradip\.m2\repository\org\apache\xmlbeans\xmlbeans\2.6.0\xmlbeans-2.6.0.jar;C:\Users\Pradip\.m2\repository\stax\stax-api\1.0.1\stax-api-1.0.1.jar;C:\Users\Pradip\.m2\repository\com\github\virtuald\curvesapi\1.04\curvesapi-1.04.jar;"/>
    <property name="sun.cpu.endian" value="little"/>
    <property name="user.home" value="C:\Users\Pradip"/>
    <property name="user.language" value="en"/>
    <property name="java.specification.vendor" value="Oracle Corporation"/>
    <property name="java.home" value="C:\Program Files\Java\jdk1.8.0_121\jre"/>
    <property name="basedir" value="C:\Users\Pradip\IdeaProjects\nop-commerce-page-factory"/>
    <property name="file.separator" value="\"/>
    <property name="line.separator" value="&#10;"/>
    <property name="java.vm.specification.vendor" value="Oracle Corporation"/>
    <property name="java.specification.name" value="Java Platform API Specification"/>
    <property name="java.awt.graphicsenv" value="sun.awt.Win32GraphicsEnvironment"/>
    <property name="surefire.real.class.path" value="C:\Users\Pradip\AppData\Local\Temp\surefire6876891897444175348\surefirebooter3562043186944857680.jar"/>
    <property name="sun.boot.class.path" value="C:\Program Files\Java\jdk1.8.0_121\jre\lib\resources.jar;C:\Program Files\Java\jdk1.8.0_121\jre\lib\rt.jar;C:\Program Files\Java\jdk1.8.0_121\jre\lib\sunrsasign.jar;C:\Program Files\Java\jdk1.8.0_121\jre\lib\jsse.jar;C:\Program Files\Java\jdk1.8.0_121\jre\lib\jce.jar;C:\Program Files\Java\jdk1.8.0_121\jre\lib\charsets.jar;C:\Program Files\Java\jdk1.8.0_121\jre\lib\jfr.jar;C:\Program Files\Java\jdk1.8.0_121\jre\classes"/>
    <property name="user.script" value=""/>
    <property name="sun.management.compiler" value="HotSpot 64-Bit Tiered Compilers"/>
    <property name="java.runtime.version" value="1.8.0_121-b13"/>
    <property name="user.name" value="Pradip"/>
    <property name="path.separator" value=";"/>
    <property name="os.version" value="10.0"/>
    <property name="java.endorsed.dirs" value="C:\Program Files\Java\jdk1.8.0_121\jre\lib\endorsed"/>
    <property name="java.runtime.name" value="Java(TM) SE Runtime Environment"/>
    <property name="file.encoding" value="Cp1252"/>
    <property name="java.vm.name" value="Java HotSpot(TM) 64-Bit Server VM"/>
    <property name="localRepository" value="C:\Users\Pradip\.m2\repository"/>
    <property name="java.vendor.url.bug" value="http://bugreport.sun.com/bugreport/"/>
    <property name="java.io.tmpdir" value="C:\Users\Pradip\AppData\Local\Temp\"/>
    <property name="java.version" value="1.8.0_121"/>
    <property name="user.dir" value="C:\Users\Pradip\IdeaProjects\nop-commerce-page-factory"/>
    <property name="os.arch" value="amd64"/>
    <property name="java.vm.specification.name" value="Java Virtual Machine Specification"/>
    <property name="java.awt.printerjob" value="sun.awt.windows.WPrinterJob"/>
    <property name="sun.os.patch.level" value=""/>
    <property name="java.library.path" value="C:\Program Files\Java\jdk1.8.0_121\jre\bin;C:\WINDOWS\Sun\Java\bin;C:\WINDOWS\system32;C:\WINDOWS;C:\ProgramData\Oracle\Java\javapath;C:\WINDOWS\system32;C:\WINDOWS;C:\WINDOWS\System32\Wbem;C:\WINDOWS\System32\WindowsPowerShell\v1.0\;C:\WINDOWS\System32\OpenSSH\;C:\Program Files\Git\cmd;C:\Program Files\Java\jdk1.8.0_121\bin;C:\Program Files\Apache\apache-maven-3.6.3\bin;C:\Users\Pradip\AppData\Local\Microsoft\WindowsApps;C:\Program Files\Java\jdk1.8.0_121\bin;;."/>
    <property name="java.vm.info" value="mixed mode"/>
    <property name="java.vendor" value="Oracle Corporation"/>
    <property name="java.vm.version" value="25.121-b13"/>
    <property name="java.ext.dirs" value="C:\Program Files\Java\jdk1.8.0_121\jre\lib\ext;C:\WINDOWS\Sun\Java\lib\ext"/>
    <property name="sun.io.unicode.encoding" value="UnicodeLittle"/>
    <property name="java.class.version" value="52.0"/>
  </properties>
  <testcase name="verifyUserShouldNavigateToComputersPage" classname="com.demo.nopcommerce.testsuite.ComputerTest" time="1.304"/>
  <testcase name="verifyUserShouldNavigateToLoginFeature" classname="com.demo.nopcommerce.testsuite.LoginTest" time="2.924"/>
  <testcase name="verifyUserShouldNavigateToRegisterPage" classname="com.demo.nopcommerce.testsuite.RegistrationTest" time="7.034"/>
  <testcase name="verifyUserShouldAddProductToCartSuccessfully" classname="com.demo.nopcommerce.testsuite.ComputerTest" time="42.025"/>
  <testcase name="verifyUserShouldLoginWithValidCredentialsSuccessfully" classname="com.demo.nopcommerce.testsuite.LoginTest" time="36.31"/>
  <testcase name="verifyUserShouldRegisterSuccessfullyWithValidCredentials" classname="com.demo.nopcommerce.testsuite.RegistrationTest" time="41.319"/>
  <testcase name="verifyUserShouldNotAddProductToCartSuccessfully" classname="com.demo.nopcommerce.testsuite.ComputerTest" time="44.214">
    <failure message="The following asserts failed:&#10;	expected [The product has been added to your shopping cart] but found [The product has been added to your shopping]" type="java.lang.AssertionError">java.lang.AssertionError: 
The following asserts failed:
	expected [The product has been added to your shopping cart] but found [The product has been added to your shopping]
	at com.demo.nopcommerce.testsuite.ComputerTest.verifyUserShouldNotAddProductToCartSuccessfully(ComputerTest.java:67)
</failure>
    <system-out><![CDATA[2020-04-22 20:04:502 INFO  BrowserSelector :24 - Launching chrome browser
2020-04-22 20:04:889 INFO  HomePage :39 - Clicking on computer button [[ChromeDriver: chrome on WINDOWS (7f96a4cda5ecbeddcfc6f3634bc828ce)] -> xpath: //ul[@class='top-menu notmobile']//a[contains(text(),'Computers')]]
2020-04-22 20:04:676 INFO  DesktopPage :28 - Clicking on Desktop button [[ChromeDriver: chrome on WINDOWS (7f96a4cda5ecbeddcfc6f3634bc828ce)] -> xpath: //ul[@class='top-menu notmobile']//a[contains(text(),'Desktops')]]
2020-04-22 20:04:287 INFO  DesktopPage :34 - Clicking on position [[ChromeDriver: chrome on WINDOWS (7f96a4cda5ecbeddcfc6f3634bc828ce)] -> id: products-orderby]
2020-04-22 20:04:921 INFO  DesktopPage :40 - Clicking on A to Z [[ChromeDriver: chrome on WINDOWS (7f96a4cda5ecbeddcfc6f3634bc828ce)] -> xpath: //option[contains(text(),'Name: A to Z')]]
2020-04-22 20:04:487 INFO  RegisterPage :38 - Clicking on build computer Proxy element for: DefaultElementLocator 'By.linkText: Build your own computer'
2020-04-22 20:04:16 INFO  RegisterPage :44 - Clicking on radio button feature [[ChromeDriver: chrome on WINDOWS (7f96a4cda5ecbeddcfc6f3634bc828ce)] -> xpath: //input[@id='product_attribute_3_7']]
2020-04-22 20:04:213 INFO  RegisterPage :50 - Clicking on add cart button [[ChromeDriver: chrome on WINDOWS (7f96a4cda5ecbeddcfc6f3634bc828ce)] -> id: add-to-cart-button-1]
2020-04-22 20:04:441 INFO  RegisterPage :55 - Getting add to cart message [[ChromeDriver: chrome on WINDOWS (7f96a4cda5ecbeddcfc6f3634bc828ce)] -> class name: content]
]]></system-out>
    <system-err><![CDATA[Starting ChromeDriver 80.0.3987.106 (f68069574609230cf9b635cd784cfb1bf81bb53a-refs/branch-heads/3987@{#882}) on port 28247
Only local connections are allowed.
Please protect ports used by ChromeDriver and related test frameworks to prevent access by malicious code.
[1587582490.466][WARNING]: This version of ChromeDriver has not been tested with Chrome version 81.
[1587582492.474][WARNING]: Timed out connecting to Chrome, retrying...
Apr 22, 2020 8:08:14 PM org.openqa.selenium.remote.ProtocolHandshake createSession
INFO: Detected dialect: W3C
[1587582496.516][WARNING]: Timed out connecting to Chrome, retrying...
[1587582499.953][SEVERE]: Timed out receiving message from renderer: 0.100
[1587582502.572][SEVERE]: Timed out receiving message from renderer: 0.100
[1587582502.689][SEVERE]: Timed out receiving message from renderer: 0.100
[1587582502.793][SEVERE]: Timed out receiving message from renderer: 0.100
[1587582502.905][SEVERE]: Timed out receiving message from renderer: 0.100
[1587582503.305][SEVERE]: Timed out receiving message from renderer: 0.100
[1587582503.416][SEVERE]: Timed out receiving message from renderer: 0.100
[1587582503.518][SEVERE]: Timed out receiving message from renderer: 0.100
[1587582505.269][SEVERE]: Timed out receiving message from renderer: 0.100
[1587582507.704][SEVERE]: Timed out receiving message from renderer: 0.100
[1587582512.627][SEVERE]: Timed out receiving message from renderer: 0.100
[1587582512.733][SEVERE]: Timed out receiving message from renderer: 0.100
[1587582512.862][SEVERE]: Timed out receiving message from renderer: 0.100
[1587582513.249][SEVERE]: Timed out receiving message from renderer: 0.100
[1587582513.805][SEVERE]: Timed out receiving message from renderer: 0.100
[1587582513.906][SEVERE]: Timed out receiving message from renderer: 0.100
[1587582514.007][SEVERE]: Timed out receiving message from renderer: 0.100
[1587582514.108][SEVERE]: Timed out receiving message from renderer: 0.100
[1587582514.210][SEVERE]: Timed out receiving message from renderer: 0.100
[1587582514.312][SEVERE]: Timed out receiving message from renderer: 0.100
[1587582514.414][SEVERE]: Timed out receiving message from renderer: 0.100
[1587582514.517][SEVERE]: Timed out receiving message from renderer: 0.100
]]></system-err>
  </testcase>
  <testcase name="verifyUserShouldNotLoginWithInvalidCredentialsSuccessfully" classname="com.demo.nopcommerce.testsuite.LoginTest" time="35.533">
    <failure message="The following asserts failed:&#10;	expected [Welcome to our store] but found [Welcome]" type="java.lang.AssertionError">java.lang.AssertionError: 
The following asserts failed:
	expected [Welcome to our store] but found [Welcome]
	at com.demo.nopcommerce.testsuite.LoginTest.verifyUserShouldNotLoginWithInvalidCredentialsSuccessfully(LoginTest.java:62)
</failure>
    <system-out><![CDATA[2020-04-22 20:04:445 INFO  BrowserSelector :24 - Launching chrome browser
2020-04-22 20:04:826 INFO  LoginPage :33 - Enter email dhanno@gmail.comOn Email Field [[ChromeDriver: chrome on WINDOWS (ac62005a2b158d370418a74f4c0170c1)] -> id: Email]
2020-04-22 20:04:240 INFO  LoginPage :39 - Enter password 123456On Password Field [[ChromeDriver: chrome on WINDOWS (ac62005a2b158d370418a74f4c0170c1)] -> id: Password]
2020-04-22 20:04:176 INFO  LoginPage :45 - Clicking on login button Proxy element for: DefaultElementLocator 'By.xpath: //input[@class='button-1 login-button']'
2020-04-22 20:04:208 INFO  LoginPage :57 - Getting welcome to store message [[ChromeDriver: chrome on WINDOWS (ac62005a2b158d370418a74f4c0170c1)] -> xpath: //h2[contains(text(),'Welcome to our store')]]
]]></system-out>
    <system-err><![CDATA[Starting ChromeDriver 80.0.3987.106 (f68069574609230cf9b635cd784cfb1bf81bb53a-refs/branch-heads/3987@{#882}) on port 27485
Only local connections are allowed.
Please protect ports used by ChromeDriver and related test frameworks to prevent access by malicious code.
[1587582575.609][WARNING]: This version of ChromeDriver has not been tested with Chrome version 81.
[1587582578.417][WARNING]: Timed out connecting to Chrome, retrying...
Apr 22, 2020 8:09:40 PM org.openqa.selenium.remote.ProtocolHandshake createSession
INFO: Detected dialect: W3C
[1587582582.456][WARNING]: Timed out connecting to Chrome, retrying...
[1587582585.815][SEVERE]: Timed out receiving message from renderer: 0.100
[1587582586.644][SEVERE]: Timed out receiving message from renderer: 0.100
[1587582586.799][SEVERE]: Timed out receiving message from renderer: 0.100
[1587582587.010][SEVERE]: Timed out receiving message from renderer: 0.100
[1587582587.294][SEVERE]: Timed out receiving message from renderer: 0.100
[1587582587.583][SEVERE]: Timed out receiving message from renderer: 0.100
[1587582587.684][SEVERE]: Timed out receiving message from renderer: 0.100
[1587582589.060][SEVERE]: Timed out receiving message from renderer: 0.100
[1587582589.204][SEVERE]: Timed out receiving message from renderer: 0.100
[1587582592.879][SEVERE]: Timed out receiving message from renderer: 0.100
[1587582593.127][SEVERE]: Timed out receiving message from renderer: 0.100
]]></system-err>
  </testcase>
  <testcase name="verifyUserShouldNotRegisterSuccessfullyWithInvalidValidCredentials" classname="com.demo.nopcommerce.testsuite.RegistrationTest" time="113.881">
    <failure message="no such element: Unable to locate element: {&quot;method&quot;:&quot;css selector&quot;,&quot;selector&quot;:&quot;.result&quot;}&#10;  (Session info: chrome=81.0.4044.122)&#10;For documentation on this error, please visit: https://www.seleniumhq.org/exceptions/no_such_element.html&#10;Build info: version: &apos;3.141.59&apos;, revision: &apos;e82be7d358&apos;, time: &apos;2018-11-14T08:17:03&apos;&#10;System info: host: &apos;DESKTOP-H84TQ4F&apos;, ip: &apos;192.168.0.17&apos;, os.name: &apos;Windows 10&apos;, os.arch: &apos;amd64&apos;, os.version: &apos;10.0&apos;, java.version: &apos;1.8.0_121&apos;&#10;Driver info: org.openqa.selenium.chrome.ChromeDriver&#10;Capabilities {acceptInsecureCerts: false, browserName: chrome, browserVersion: 81.0.4044.122, chrome: {chromedriverVersion: 80.0.3987.106 (f68069574609..., userDataDir: C:\Users\Pradip\AppData\Loc...}, goog:chromeOptions: {debuggerAddress: localhost:54091}, javascriptEnabled: true, networkConnectionEnabled: false, pageLoadStrategy: normal, platform: WINDOWS, platformName: WINDOWS, proxy: Proxy(), setWindowRect: true, strictFileInteractability: false, timeouts: {implicit: 0, pageLoad: 300000, script: 30000}, unhandledPromptBehavior: dismiss and notify}&#10;Session ID: 984890907287b9ca810be936303ec202&#10;*** Element info: {Using=class name, value=result}" type="org.openqa.selenium.NoSuchElementException">org.openqa.selenium.NoSuchElementException: 
no such element: Unable to locate element: {"method":"css selector","selector":".result"}
  (Session info: chrome=81.0.4044.122)
For documentation on this error, please visit: https://www.seleniumhq.org/exceptions/no_such_element.html
Build info: version: '3.141.59', revision: 'e82be7d358', time: '2018-11-14T08:17:03'
System info: host: 'DESKTOP-H84TQ4F', ip: '192.168.0.17', os.name: 'Windows 10', os.arch: 'amd64', os.version: '10.0', java.version: '1.8.0_121'
Driver info: org.openqa.selenium.chrome.ChromeDriver
Capabilities {acceptInsecureCerts: false, browserName: chrome, browserVersion: 81.0.4044.122, chrome: {chromedriverVersion: 80.0.3987.106 (f68069574609..., userDataDir: C:\Users\Pradip\AppData\Loc...}, goog:chromeOptions: {debuggerAddress: localhost:54091}, javascriptEnabled: true, networkConnectionEnabled: false, pageLoadStrategy: normal, platform: WINDOWS, platformName: WINDOWS, proxy: Proxy(), setWindowRect: true, strictFileInteractability: false, timeouts: {implicit: 0, pageLoad: 300000, script: 30000}, unhandledPromptBehavior: dismiss and notify}
Session ID: 984890907287b9ca810be936303ec202
*** Element info: {Using=class name, value=result}
	at com.demo.nopcommerce.testsuite.RegistrationTest.verifyUserShouldNotRegisterSuccessfullyWithInvalidValidCredentials(RegistrationTest.java:85)
</failure>
    <system-out><![CDATA[2020-04-22 20:04:274 INFO  BrowserSelector :24 - Launching chrome browser
2020-04-22 20:04:940 INFO  HomePage :27 - Clicking on register button [[ChromeDriver: chrome on WINDOWS (984890907287b9ca810be936303ec202)] -> link text: Register]
2020-04-22 20:04:350 INFO  RegisterPage :58 - Clicking on Radio Button [[ChromeDriver: chrome on WINDOWS (984890907287b9ca810be936303ec202)] -> id: gender-male]
2020-04-22 20:04:372 INFO  RegisterPage :64 - Enter First Name dhannoRunFirst Name Field [[ChromeDriver: chrome on WINDOWS (984890907287b9ca810be936303ec202)] -> id: FirstName]
2020-04-22 20:04:500 INFO  RegisterPage :70 - Enter Last Name runLast Name Field [[ChromeDriver: chrome on WINDOWS (984890907287b9ca810be936303ec202)] -> id: LastName]
2020-04-22 20:04:992 INFO  RegisterPage :76 - Selecting Date of Birth Day 4Date Field [[ChromeDriver: chrome on WINDOWS (984890907287b9ca810be936303ec202)] -> name: DateOfBirthDay]
2020-04-22 20:04:110 INFO  RegisterPage :82 - Selecting Date of Birth Month mayBirth Month Field [[ChromeDriver: chrome on WINDOWS (984890907287b9ca810be936303ec202)] -> name: DateOfBirthMonth]
2020-04-22 20:04:335 INFO  RegisterPage :88 - Selecting Date of Birth Year 1985Birth Year Field [[ChromeDriver: chrome on WINDOWS (984890907287b9ca810be936303ec202)] -> name: DateOfBirthYear]
2020-04-22 20:04:732 INFO  RegisterPage :94 - Enter Email dhannoG1@gmail.comEmail Field [[ChromeDriver: chrome on WINDOWS (984890907287b9ca810be936303ec202)] -> id: Email]
2020-04-22 20:04:298 INFO  RegisterPage :100 - Enter Company Name dhanno limitedCompany Name Field [[ChromeDriver: chrome on WINDOWS (984890907287b9ca810be936303ec202)] -> id: Company]
2020-04-22 20:04:921 INFO  RegisterPage :106 - Clicking on check box button for NewsLetter
2020-04-22 20:04:672 INFO  RegisterPage :112 - Enter Password dhannorun123@On Password Field [[ChromeDriver: chrome on WINDOWS (984890907287b9ca810be936303ec202)] -> id: Password]
2020-04-22 20:04:720 INFO  RegisterPage :118 - Enter Confirm Password dhannorun123@Confirm Password Field [[ChromeDriver: chrome on WINDOWS (984890907287b9ca810be936303ec202)] -> id: ConfirmPassword]
2020-04-22 20:04:56 INFO  RegisterPage :124 - Clicking On Registration Button [[ChromeDriver: chrome on WINDOWS (984890907287b9ca810be936303ec202)] -> id: register-button]
2020-04-22 20:04:112 INFO  RegisterPage :129 - Getting Registration Complete Message Proxy element for: DefaultElementLocator 'By.className: result'
]]></system-out>
    <system-err><![CDATA[Starting ChromeDriver 80.0.3987.106 (f68069574609230cf9b635cd784cfb1bf81bb53a-refs/branch-heads/3987@{#882}) on port 4484
Only local connections are allowed.
Please protect ports used by ChromeDriver and related test frameworks to prevent access by malicious code.
[1587582632.235][WARNING]: This version of ChromeDriver has not been tested with Chrome version 81.
[1587582634.240][WARNING]: Timed out connecting to Chrome, retrying...
Apr 22, 2020 8:10:36 PM org.openqa.selenium.remote.ProtocolHandshake createSession
INFO: Detected dialect: W3C
[1587582638.285][WARNING]: Timed out connecting to Chrome, retrying...
[1587582643.757][SEVERE]: Timed out receiving message from renderer: 0.100
[1587582643.882][SEVERE]: Timed out receiving message from renderer: 0.100
[1587582643.984][SEVERE]: Timed out receiving message from renderer: 0.100
[1587582644.085][SEVERE]: Timed out receiving message from renderer: 0.100
[1587582644.186][SEVERE]: Timed out receiving message from renderer: 0.100
[1587582644.287][SEVERE]: Timed out receiving message from renderer: 0.100
[1587582644.389][SEVERE]: Timed out receiving message from renderer: 0.100
[1587582644.490][SEVERE]: Timed out receiving message from renderer: 0.100
[1587582647.993][SEVERE]: Timed out receiving message from renderer: 0.100
[1587582648.356][SEVERE]: Timed out receiving message from renderer: 0.100
[1587582648.458][SEVERE]: Timed out receiving message from renderer: 0.100
[1587582648.560][SEVERE]: Timed out receiving message from renderer: 0.100
[1587582648.663][SEVERE]: Timed out receiving message from renderer: 0.100
[1587582648.791][SEVERE]: Timed out receiving message from renderer: 0.100
[1587582651.659][SEVERE]: Timed out receiving message from renderer: 0.100
[1587582663.100][SEVERE]: Timed out receiving message from renderer: 0.100
[1587582663.202][SEVERE]: Timed out receiving message from renderer: 0.100
[1587582663.476][SEVERE]: Timed out receiving message from renderer: 0.100
[1587582663.667][SEVERE]: Timed out receiving message from renderer: 0.100
[1587582663.771][SEVERE]: Timed out receiving message from renderer: 0.100
]]></system-err>
  </testcase>
</testsuite>