<?xml version="1.0" encoding="UTF-8"?>
<testng-results skipped="0" failed="3" ignored="0" total="9" passed="6">
  <reporter-output>
    <line>
      <![CDATA[Launching chrome browser]]>
    </line>
    <line>
      <![CDATA[Clicking on computer button [[ChromeDriver: chrome on WINDOWS (52dd843663c0b771d83ee6d7d2ad03b8)] -> xpath: //ul[@class='top-menu notmobile']//a[contains(text(),'Computers')]]<br>]]>
    </line>
    <line>
      <![CDATA[Getting computer text message [[ChromeDriver: chrome on WINDOWS (52dd843663c0b771d83ee6d7d2ad03b8)] -> xpath: //ul[@class='top-menu notmobile']//a[contains(text(),'Computers')]]<br>]]>
    </line>
    <line>
      <![CDATA[Launching chrome browser]]>
    </line>
    <line>
      <![CDATA[Getting welcome [[ChromeDriver: chrome on WINDOWS (98548f886b3403138578232af148b1ef)] -> xpath: //h1[contains(text(),'Welcome, Please Sign In!')]]<br>]]>
    </line>
    <line>
      <![CDATA[Launching chrome browser]]>
    </line>
    <line>
      <![CDATA[Clicking on register button [[ChromeDriver: chrome on WINDOWS (38d3c29381b1339fd0243ee60c4dd489)] -> link text: Register]<br>]]>
    </line>
    <line>
      <![CDATA[Getting Register message [[ChromeDriver: chrome on WINDOWS (38d3c29381b1339fd0243ee60c4dd489)] -> xpath: //strong[contains(text(),'Your Personal Details')]]<br>]]>
    </line>
    <line>
      <![CDATA[Launching chrome browser]]>
    </line>
    <line>
      <![CDATA[Clicking on computer button [[ChromeDriver: chrome on WINDOWS (0ee2b4debc0d4e5f4a73bc696dbed12c)] -> xpath: //ul[@class='top-menu notmobile']//a[contains(text(),'Computers')]]<br>]]>
    </line>
    <line>
      <![CDATA[Clicking on Desktop button [[ChromeDriver: chrome on WINDOWS (0ee2b4debc0d4e5f4a73bc696dbed12c)] -> xpath: //ul[@class='top-menu notmobile']//a[contains(text(),'Desktops')]]<br>]]>
    </line>
    <line>
      <![CDATA[Clicking on position [[ChromeDriver: chrome on WINDOWS (0ee2b4debc0d4e5f4a73bc696dbed12c)] -> id: products-orderby]<br>]]>
    </line>
    <line>
      <![CDATA[Clicking on A to Z [[ChromeDriver: chrome on WINDOWS (0ee2b4debc0d4e5f4a73bc696dbed12c)] -> xpath: //option[contains(text(),'Name: A to Z')]]<br>]]>
    </line>
    <line>
      <![CDATA[Clicking on build computer [[ChromeDriver: chrome on WINDOWS (0ee2b4debc0d4e5f4a73bc696dbed12c)] -> link text: Build your own computer]<br>]]>
    </line>
    <line>
      <![CDATA[Clicking on radio button feature [[ChromeDriver: chrome on WINDOWS (0ee2b4debc0d4e5f4a73bc696dbed12c)] -> xpath: //input[@id='product_attribute_3_7']]]]>
    </line>
    <line>
      <![CDATA[Clicking On add cart button [[ChromeDriver: chrome on WINDOWS (0ee2b4debc0d4e5f4a73bc696dbed12c)] -> id: add-to-cart-button-1]<br>]]>
    </line>
    <line>
      <![CDATA[Getting add to cart message [[ChromeDriver: chrome on WINDOWS (0ee2b4debc0d4e5f4a73bc696dbed12c)] -> class name: content]<br>]]>
    </line>
    <line>
      <![CDATA[Launching chrome browser]]>
    </line>
    <line>
      <![CDATA[Enter email dhanno@gmail.comOn Email Field [[ChromeDriver: chrome on WINDOWS (b3f6ec94c9c7339bb30741dc25babe86)] -> id: Email]<br>]]>
    </line>
    <line>
      <![CDATA[Enter password 123456On Password Field [[ChromeDriver: chrome on WINDOWS (b3f6ec94c9c7339bb30741dc25babe86)] -> id: Password]<br>]]>
    </line>
    <line>
      <![CDATA[Clicking on login button [[ChromeDriver: chrome on WINDOWS (b3f6ec94c9c7339bb30741dc25babe86)] -> xpath: //input[@class='button-1 login-button']]<br>]]>
    </line>
    <line>
      <![CDATA[Getting welcome to store message [[ChromeDriver: chrome on WINDOWS (b3f6ec94c9c7339bb30741dc25babe86)] -> xpath: //h2[contains(text(),'Welcome to our store')]]<br>]]>
    </line>
    <line>
      <![CDATA[Launching chrome browser]]>
    </line>
    <line>
      <![CDATA[Clicking on register button [[ChromeDriver: chrome on WINDOWS (7f842830b8bcc4b20c0624c005a56f44)] -> link text: Register]<br>]]>
    </line>
    <line>
      <![CDATA[Clicking on Radio Button [[ChromeDriver: chrome on WINDOWS (7f842830b8bcc4b20c0624c005a56f44)] -> id: gender-male]<br>]]>
    </line>
    <line>
      <![CDATA[Enter First Name dhannoRunFirst Name Field [[ChromeDriver: chrome on WINDOWS (7f842830b8bcc4b20c0624c005a56f44)] -> id: FirstName]<br>]]>
    </line>
    <line>
      <![CDATA[Enter Last Name runLast Name Field [[ChromeDriver: chrome on WINDOWS (7f842830b8bcc4b20c0624c005a56f44)] -> id: LastName]<br>]]>
    </line>
    <line>
      <![CDATA[Selecting Date of Birth Day 4Date Field [[ChromeDriver: chrome on WINDOWS (7f842830b8bcc4b20c0624c005a56f44)] -> name: DateOfBirthDay]<br>]]>
    </line>
    <line>
      <![CDATA[Selecting Date of Birth Month mayBirth Month Field [[ChromeDriver: chrome on WINDOWS (7f842830b8bcc4b20c0624c005a56f44)] -> name: DateOfBirthMonth]<br>]]>
    </line>
    <line>
      <![CDATA[Selecting Date of Birth Year 1985Birth Year Field [[ChromeDriver: chrome on WINDOWS (7f842830b8bcc4b20c0624c005a56f44)] -> name: DateOfBirthYear]<br>]]>
    </line>
    <line>
      <![CDATA[Enter Email dhannoG1@gmail.comEmail Field [[ChromeDriver: chrome on WINDOWS (7f842830b8bcc4b20c0624c005a56f44)] -> id: Email]<br>]]>
    </line>
    <line>
      <![CDATA[Enter Company Name dhanno limitedCompany Name Field [[ChromeDriver: chrome on WINDOWS (7f842830b8bcc4b20c0624c005a56f44)] -> id: Company]<br>]]>
    </line>
    <line>
      <![CDATA[Clicking on check box button for NewsLetter [[ChromeDriver: chrome on WINDOWS (7f842830b8bcc4b20c0624c005a56f44)] -> id: Newsletter]<br>]]>
    </line>
    <line>
      <![CDATA[Enter Password dhannorun123@On Password Field[[ChromeDriver: chrome on WINDOWS (7f842830b8bcc4b20c0624c005a56f44)] -> id: Password]<br>]]>
    </line>
    <line>
      <![CDATA[Enter Confirm Password dhannorun123@Confirm Password Field [[ChromeDriver: chrome on WINDOWS (7f842830b8bcc4b20c0624c005a56f44)] -> id: ConfirmPassword]<br>]]>
    </line>
    <line>
      <![CDATA[Clicking On Registration Button [[ChromeDriver: chrome on WINDOWS (7f842830b8bcc4b20c0624c005a56f44)] -> id: register-button]<br>]]>
    </line>
    <line>
      <![CDATA[Getting Registration Complete Message [[ChromeDriver: chrome on WINDOWS (7f842830b8bcc4b20c0624c005a56f44)] -> class name: result]<br>]]>
    </line>
    <line>
      <![CDATA[Launching chrome browser]]>
    </line>
    <line>
      <![CDATA[Clicking on computer button [[ChromeDriver: chrome on WINDOWS (7f96a4cda5ecbeddcfc6f3634bc828ce)] -> xpath: //ul[@class='top-menu notmobile']//a[contains(text(),'Computers')]]<br>]]>
    </line>
    <line>
      <![CDATA[Clicking on Desktop button [[ChromeDriver: chrome on WINDOWS (7f96a4cda5ecbeddcfc6f3634bc828ce)] -> xpath: //ul[@class='top-menu notmobile']//a[contains(text(),'Desktops')]]<br>]]>
    </line>
    <line>
      <![CDATA[Clicking on position [[ChromeDriver: chrome on WINDOWS (7f96a4cda5ecbeddcfc6f3634bc828ce)] -> id: products-orderby]<br>]]>
    </line>
    <line>
      <![CDATA[Clicking on A to Z [[ChromeDriver: chrome on WINDOWS (7f96a4cda5ecbeddcfc6f3634bc828ce)] -> xpath: //option[contains(text(),'Name: A to Z')]]<br>]]>
    </line>
    <line>
      <![CDATA[Clicking on build computer [[ChromeDriver: chrome on WINDOWS (7f96a4cda5ecbeddcfc6f3634bc828ce)] -> link text: Build your own computer]<br>]]>
    </line>
    <line>
      <![CDATA[Clicking on radio button feature [[ChromeDriver: chrome on WINDOWS (7f96a4cda5ecbeddcfc6f3634bc828ce)] -> xpath: //input[@id='product_attribute_3_7']]]]>
    </line>
    <line>
      <![CDATA[Clicking On add cart button [[ChromeDriver: chrome on WINDOWS (7f96a4cda5ecbeddcfc6f3634bc828ce)] -> id: add-to-cart-button-1]<br>]]>
    </line>
    <line>
      <![CDATA[Getting add to cart message [[ChromeDriver: chrome on WINDOWS (7f96a4cda5ecbeddcfc6f3634bc828ce)] -> class name: content]<br>]]>
    </line>
    <line>
      <![CDATA[Launching chrome browser]]>
    </line>
    <line>
      <![CDATA[Enter email dhanno@gmail.comOn Email Field [[ChromeDriver: chrome on WINDOWS (ac62005a2b158d370418a74f4c0170c1)] -> id: Email]<br>]]>
    </line>
    <line>
      <![CDATA[Enter password 123456On Password Field [[ChromeDriver: chrome on WINDOWS (ac62005a2b158d370418a74f4c0170c1)] -> id: Password]<br>]]>
    </line>
    <line>
      <![CDATA[Clicking on login button [[ChromeDriver: chrome on WINDOWS (ac62005a2b158d370418a74f4c0170c1)] -> xpath: //input[@class='button-1 login-button']]<br>]]>
    </line>
    <line>
      <![CDATA[Getting welcome to store message [[ChromeDriver: chrome on WINDOWS (ac62005a2b158d370418a74f4c0170c1)] -> xpath: //h2[contains(text(),'Welcome to our store')]]<br>]]>
    </line>
    <line>
      <![CDATA[Launching chrome browser]]>
    </line>
    <line>
      <![CDATA[Clicking on register button [[ChromeDriver: chrome on WINDOWS (984890907287b9ca810be936303ec202)] -> link text: Register]<br>]]>
    </line>
    <line>
      <![CDATA[Clicking on Radio Button [[ChromeDriver: chrome on WINDOWS (984890907287b9ca810be936303ec202)] -> id: gender-male]<br>]]>
    </line>
    <line>
      <![CDATA[Enter First Name dhannoRunFirst Name Field [[ChromeDriver: chrome on WINDOWS (984890907287b9ca810be936303ec202)] -> id: FirstName]<br>]]>
    </line>
    <line>
      <![CDATA[Enter Last Name runLast Name Field [[ChromeDriver: chrome on WINDOWS (984890907287b9ca810be936303ec202)] -> id: LastName]<br>]]>
    </line>
    <line>
      <![CDATA[Selecting Date of Birth Day 4Date Field [[ChromeDriver: chrome on WINDOWS (984890907287b9ca810be936303ec202)] -> name: DateOfBirthDay]<br>]]>
    </line>
    <line>
      <![CDATA[Selecting Date of Birth Month mayBirth Month Field [[ChromeDriver: chrome on WINDOWS (984890907287b9ca810be936303ec202)] -> name: DateOfBirthMonth]<br>]]>
    </line>
    <line>
      <![CDATA[Selecting Date of Birth Year 1985Birth Year Field [[ChromeDriver: chrome on WINDOWS (984890907287b9ca810be936303ec202)] -> name: DateOfBirthYear]<br>]]>
    </line>
    <line>
      <![CDATA[Enter Email dhannoG1@gmail.comEmail Field [[ChromeDriver: chrome on WINDOWS (984890907287b9ca810be936303ec202)] -> id: Email]<br>]]>
    </line>
    <line>
      <![CDATA[Enter Company Name dhanno limitedCompany Name Field [[ChromeDriver: chrome on WINDOWS (984890907287b9ca810be936303ec202)] -> id: Company]<br>]]>
    </line>
    <line>
      <![CDATA[Clicking on check box button for NewsLetter [[ChromeDriver: chrome on WINDOWS (984890907287b9ca810be936303ec202)] -> id: Newsletter]<br>]]>
    </line>
    <line>
      <![CDATA[Enter Password dhannorun123@On Password Field[[ChromeDriver: chrome on WINDOWS (984890907287b9ca810be936303ec202)] -> id: Password]<br>]]>
    </line>
    <line>
      <![CDATA[Enter Confirm Password dhannorun123@Confirm Password Field [[ChromeDriver: chrome on WINDOWS (984890907287b9ca810be936303ec202)] -> id: ConfirmPassword]<br>]]>
    </line>
    <line>
      <![CDATA[Clicking On Registration Button [[ChromeDriver: chrome on WINDOWS (984890907287b9ca810be936303ec202)] -> id: register-button]<br>]]>
    </line>
    <line>
      <![CDATA[Getting Registration Complete Message Proxy element for: DefaultElementLocator 'By.className: result'<br>]]>
    </line>
  </reporter-output>
  <suite name="Surefire suite" duration-ms="570402" started-at="2020-04-22T19:03:14Z" finished-at="2020-04-22T19:12:44Z">
    <groups>
      <group name="regression">
        <method signature="ComputerTest.verifyUserShouldAddProductToCartSuccessfully()[pri:1, instance:com.demo.nopcommerce.testsuite.ComputerTest@6eebc39e]" name="verifyUserShouldAddProductToCartSuccessfully" class="com.demo.nopcommerce.testsuite.ComputerTest"/>
        <method signature="ComputerTest.verifyUserShouldNavigateToComputersPage()[pri:0, instance:com.demo.nopcommerce.testsuite.ComputerTest@6eebc39e]" name="verifyUserShouldNavigateToComputersPage" class="com.demo.nopcommerce.testsuite.ComputerTest"/>
        <method signature="ComputerTest.verifyUserShouldNotAddProductToCartSuccessfully()[pri:2, instance:com.demo.nopcommerce.testsuite.ComputerTest@6eebc39e]" name="verifyUserShouldNotAddProductToCartSuccessfully" class="com.demo.nopcommerce.testsuite.ComputerTest"/>
        <method signature="LoginTest.verifyUserShouldLoginWithValidCredentialsSuccessfully()[pri:1, instance:com.demo.nopcommerce.testsuite.LoginTest@464bee09]" name="verifyUserShouldLoginWithValidCredentialsSuccessfully" class="com.demo.nopcommerce.testsuite.LoginTest"/>
        <method signature="LoginTest.verifyUserShouldNavigateToLoginFeature()[pri:0, instance:com.demo.nopcommerce.testsuite.LoginTest@464bee09]" name="verifyUserShouldNavigateToLoginFeature" class="com.demo.nopcommerce.testsuite.LoginTest"/>
        <method signature="LoginTest.verifyUserShouldNotLoginWithInvalidCredentialsSuccessfully()[pri:2, instance:com.demo.nopcommerce.testsuite.LoginTest@464bee09]" name="verifyUserShouldNotLoginWithInvalidCredentialsSuccessfully" class="com.demo.nopcommerce.testsuite.LoginTest"/>
        <method signature="RegistrationTest.verifyUserShouldNavigateToRegisterPage()[pri:0, instance:com.demo.nopcommerce.testsuite.RegistrationTest@f6c48ac]" name="verifyUserShouldNavigateToRegisterPage" class="com.demo.nopcommerce.testsuite.RegistrationTest"/>
        <method signature="RegistrationTest.verifyUserShouldNotRegisterSuccessfullyWithInvalidValidCredentials()[pri:2, instance:com.demo.nopcommerce.testsuite.RegistrationTest@f6c48ac]" name="verifyUserShouldNotRegisterSuccessfullyWithInvalidValidCredentials" class="com.demo.nopcommerce.testsuite.RegistrationTest"/>
        <method signature="RegistrationTest.verifyUserShouldRegisterSuccessfullyWithValidCredentials()[pri:1, instance:com.demo.nopcommerce.testsuite.RegistrationTest@f6c48ac]" name="verifyUserShouldRegisterSuccessfullyWithValidCredentials" class="com.demo.nopcommerce.testsuite.RegistrationTest"/>
      </group> <!-- regression -->
      <group name="smoke">
        <method signature="ComputerTest.verifyUserShouldAddProductToCartSuccessfully()[pri:1, instance:com.demo.nopcommerce.testsuite.ComputerTest@6eebc39e]" name="verifyUserShouldAddProductToCartSuccessfully" class="com.demo.nopcommerce.testsuite.ComputerTest"/>
        <method signature="LoginTest.verifyUserShouldLoginWithValidCredentialsSuccessfully()[pri:1, instance:com.demo.nopcommerce.testsuite.LoginTest@464bee09]" name="verifyUserShouldLoginWithValidCredentialsSuccessfully" class="com.demo.nopcommerce.testsuite.LoginTest"/>
        <method signature="RegistrationTest.verifyUserShouldRegisterSuccessfullyWithValidCredentials()[pri:1, instance:com.demo.nopcommerce.testsuite.RegistrationTest@f6c48ac]" name="verifyUserShouldRegisterSuccessfullyWithValidCredentials" class="com.demo.nopcommerce.testsuite.RegistrationTest"/>
      </group> <!-- smoke -->
      <group name="sanity">
        <method signature="ComputerTest.verifyUserShouldNavigateToComputersPage()[pri:0, instance:com.demo.nopcommerce.testsuite.ComputerTest@6eebc39e]" name="verifyUserShouldNavigateToComputersPage" class="com.demo.nopcommerce.testsuite.ComputerTest"/>
        <method signature="LoginTest.verifyUserShouldNavigateToLoginFeature()[pri:0, instance:com.demo.nopcommerce.testsuite.LoginTest@464bee09]" name="verifyUserShouldNavigateToLoginFeature" class="com.demo.nopcommerce.testsuite.LoginTest"/>
        <method signature="RegistrationTest.verifyUserShouldNavigateToRegisterPage()[pri:0, instance:com.demo.nopcommerce.testsuite.RegistrationTest@f6c48ac]" name="verifyUserShouldNavigateToRegisterPage" class="com.demo.nopcommerce.testsuite.RegistrationTest"/>
      </group> <!-- sanity -->
    </groups>
    <test name="Surefire test" duration-ms="570402" started-at="2020-04-22T19:03:14Z" finished-at="2020-04-22T19:12:44Z">
      <class name="com.demo.nopcommerce.testsuite.LoginTest">
        <test-method status="PASS" signature="openBrowser()[pri:0, instance:com.demo.nopcommerce.testsuite.LoginTest@464bee09]" name="openBrowser" is-config="true" duration-ms="13534" started-at="2020-04-22T19:04:11Z" finished-at="2020-04-22T19:04:25Z">
          <reporter-output>
            <line>
              <![CDATA[Launching chrome browser]]>
            </line>
          </reporter-output>
        </test-method> <!-- openBrowser -->
        <test-method status="PASS" signature="setUp()[pri:0, instance:com.demo.nopcommerce.testsuite.LoginTest@464bee09]" name="setUp" is-config="true" duration-ms="9" started-at="2020-04-22T19:04:25Z" finished-at="2020-04-22T19:04:25Z">
          <reporter-output>
          </reporter-output>
        </test-method> <!-- setUp -->
        <test-method status="PASS" signature="verifyUserShouldNavigateToLoginFeature()[pri:0, instance:com.demo.nopcommerce.testsuite.LoginTest@464bee09]" name="verifyUserShouldNavigateToLoginFeature" duration-ms="2926" started-at="2020-04-22T19:04:25Z" finished-at="2020-04-22T19:04:27Z">
          <reporter-output>
            <line>
              <![CDATA[Getting welcome [[ChromeDriver: chrome on WINDOWS (98548f886b3403138578232af148b1ef)] -> xpath: //h1[contains(text(),'Welcome, Please Sign In!')]]<br>]]>
            </line>
          </reporter-output>
        </test-method> <!-- verifyUserShouldNavigateToLoginFeature -->
        <test-method status="PASS" signature="tearDown()[pri:0, instance:com.demo.nopcommerce.testsuite.LoginTest@464bee09]" name="tearDown" is-config="true" duration-ms="1797" started-at="2020-04-22T19:04:27Z" finished-at="2020-04-22T19:04:29Z">
          <reporter-output>
          </reporter-output>
        </test-method> <!-- tearDown -->
        <test-method status="PASS" signature="openBrowser()[pri:0, instance:com.demo.nopcommerce.testsuite.LoginTest@464bee09]" name="openBrowser" is-config="true" duration-ms="15544" started-at="2020-04-22T19:05:59Z" finished-at="2020-04-22T19:06:14Z">
          <reporter-output>
            <line>
              <![CDATA[Launching chrome browser]]>
            </line>
          </reporter-output>
        </test-method> <!-- openBrowser -->
        <test-method status="PASS" signature="setUp()[pri:0, instance:com.demo.nopcommerce.testsuite.LoginTest@464bee09]" name="setUp" is-config="true" duration-ms="58" started-at="2020-04-22T19:06:14Z" finished-at="2020-04-22T19:06:14Z">
          <reporter-output>
          </reporter-output>
        </test-method> <!-- setUp -->
        <test-method status="PASS" signature="verifyUserShouldLoginWithValidCredentialsSuccessfully()[pri:1, instance:com.demo.nopcommerce.testsuite.LoginTest@464bee09]" name="verifyUserShouldLoginWithValidCredentialsSuccessfully" duration-ms="36308" started-at="2020-04-22T19:06:14Z" finished-at="2020-04-22T19:06:50Z">
          <reporter-output>
            <line>
              <![CDATA[Enter email dhanno@gmail.comOn Email Field [[ChromeDriver: chrome on WINDOWS (b3f6ec94c9c7339bb30741dc25babe86)] -> id: Email]<br>]]>
            </line>
            <line>
              <![CDATA[Enter password 123456On Password Field [[ChromeDriver: chrome on WINDOWS (b3f6ec94c9c7339bb30741dc25babe86)] -> id: Password]<br>]]>
            </line>
            <line>
              <![CDATA[Clicking on login button [[ChromeDriver: chrome on WINDOWS (b3f6ec94c9c7339bb30741dc25babe86)] -> xpath: //input[@class='button-1 login-button']]<br>]]>
            </line>
            <line>
              <![CDATA[Getting welcome to store message [[ChromeDriver: chrome on WINDOWS (b3f6ec94c9c7339bb30741dc25babe86)] -> xpath: //h2[contains(text(),'Welcome to our store')]]<br>]]>
            </line>
          </reporter-output>
        </test-method> <!-- verifyUserShouldLoginWithValidCredentialsSuccessfully -->
        <test-method status="PASS" signature="tearDown()[pri:0, instance:com.demo.nopcommerce.testsuite.LoginTest@464bee09]" name="tearDown" is-config="true" duration-ms="1685" started-at="2020-04-22T19:06:50Z" finished-at="2020-04-22T19:06:52Z">
          <reporter-output>
          </reporter-output>
        </test-method> <!-- tearDown -->
        <test-method status="PASS" signature="openBrowser()[pri:0, instance:com.demo.nopcommerce.testsuite.LoginTest@464bee09]" name="openBrowser" is-config="true" duration-ms="16431" started-at="2020-04-22T19:09:31Z" finished-at="2020-04-22T19:09:47Z">
          <reporter-output>
            <line>
              <![CDATA[Launching chrome browser]]>
            </line>
          </reporter-output>
        </test-method> <!-- openBrowser -->
        <test-method status="PASS" signature="setUp()[pri:0, instance:com.demo.nopcommerce.testsuite.LoginTest@464bee09]" name="setUp" is-config="true" duration-ms="6" started-at="2020-04-22T19:09:47Z" finished-at="2020-04-22T19:09:47Z">
          <reporter-output>
          </reporter-output>
        </test-method> <!-- setUp -->
        <test-method status="FAIL" signature="verifyUserShouldNotLoginWithInvalidCredentialsSuccessfully()[pri:2, instance:com.demo.nopcommerce.testsuite.LoginTest@464bee09]" name="verifyUserShouldNotLoginWithInvalidCredentialsSuccessfully" duration-ms="35471" started-at="2020-04-22T19:09:47Z" finished-at="2020-04-22T19:10:23Z">
          <exception class="java.lang.AssertionError">
            <message>
              <![CDATA[The following asserts failed:
expected [Welcome to our store] but found [Welcome]]]>
            </message>
            <full-stacktrace>
              <![CDATA[java.lang.AssertionError: The following asserts failed:
expected [Welcome to our store] but found [Welcome]
at org.testng.asserts.SoftAssert.assertAll(SoftAssert.java:43)
at com.demo.nopcommerce.testsuite.LoginTest.verifyUserShouldNotLoginWithInvalidCredentialsSuccessfully(LoginTest.java:62)
at sun.reflect.NativeMethodAccessorImpl.invoke0(Native Method)
at sun.reflect.NativeMethodAccessorImpl.invoke(NativeMethodAccessorImpl.java:62)
at sun.reflect.DelegatingMethodAccessorImpl.invoke(DelegatingMethodAccessorImpl.java:43)
at java.lang.reflect.Method.invoke(Method.java:498)
at org.testng.internal.MethodInvocationHelper.invokeMethod(MethodInvocationHelper.java:124)
at org.testng.internal.Invoker.invokeMethod(Invoker.java:583)
at org.testng.internal.Invoker.invokeTestMethod(Invoker.java:719)
at org.testng.internal.Invoker.invokeTestMethods(Invoker.java:989)
at org.testng.internal.TestMethodWorker.invokeTestMethods(TestMethodWorker.java:125)
at org.testng.internal.TestMethodWorker.run(TestMethodWorker.java:109)
at org.testng.TestRunner.privateRun(TestRunner.java:648)
at org.testng.TestRunner.run(TestRunner.java:505)
at org.testng.SuiteRunner.runTest(SuiteRunner.java:455)
at org.testng.SuiteRunner.runSequentially(SuiteRunner.java:450)
at org.testng.SuiteRunner.privateRun(SuiteRunner.java:415)
at org.testng.SuiteRunner.run(SuiteRunner.java:364)
at org.testng.SuiteRunnerWorker.runSuite(SuiteRunnerWorker.java:52)
at org.testng.SuiteRunnerWorker.run(SuiteRunnerWorker.java:84)
at org.testng.TestNG.runSuitesSequentially(TestNG.java:1208)
at org.testng.TestNG.runSuitesLocally(TestNG.java:1137)
at org.testng.TestNG.runSuites(TestNG.java:1049)
at org.testng.TestNG.run(TestNG.java:1017)
at org.apache.maven.surefire.testng.TestNGExecutor.run(TestNGExecutor.java:135)
at org.apache.maven.surefire.testng.TestNGDirectoryTestSuite.executeMulti(TestNGDirectoryTestSuite.java:193)
at org.apache.maven.surefire.testng.TestNGDirectoryTestSuite.execute(TestNGDirectoryTestSuite.java:94)
at org.apache.maven.surefire.testng.TestNGProvider.invoke(TestNGProvider.java:146)
at org.apache.maven.surefire.booter.ForkedBooter.invokeProviderInSameClassLoader(ForkedBooter.java:384)
at org.apache.maven.surefire.booter.ForkedBooter.runSuitesInProcess(ForkedBooter.java:345)
at org.apache.maven.surefire.booter.ForkedBooter.execute(ForkedBooter.java:126)
at org.apache.maven.surefire.booter.ForkedBooter.main(ForkedBooter.java:418)
]]>
            </full-stacktrace>
          </exception> <!-- java.lang.AssertionError -->
          <reporter-output>
            <line>
              <![CDATA[Enter email dhanno@gmail.comOn Email Field [[ChromeDriver: chrome on WINDOWS (ac62005a2b158d370418a74f4c0170c1)] -> id: Email]<br>]]>
            </line>
            <line>
              <![CDATA[Enter password 123456On Password Field [[ChromeDriver: chrome on WINDOWS (ac62005a2b158d370418a74f4c0170c1)] -> id: Password]<br>]]>
            </line>
            <line>
              <![CDATA[Clicking on login button [[ChromeDriver: chrome on WINDOWS (ac62005a2b158d370418a74f4c0170c1)] -> xpath: //input[@class='button-1 login-button']]<br>]]>
            </line>
            <line>
              <![CDATA[Getting welcome to store message [[ChromeDriver: chrome on WINDOWS (ac62005a2b158d370418a74f4c0170c1)] -> xpath: //h2[contains(text(),'Welcome to our store')]]<br>]]>
            </line>
          </reporter-output>
        </test-method> <!-- verifyUserShouldNotLoginWithInvalidCredentialsSuccessfully -->
        <test-method status="PASS" signature="tearDown()[pri:0, instance:com.demo.nopcommerce.testsuite.LoginTest@464bee09]" name="tearDown" is-config="true" duration-ms="3903" started-at="2020-04-22T19:10:23Z" finished-at="2020-04-22T19:10:27Z">
          <reporter-output>
          </reporter-output>
        </test-method> <!-- tearDown -->
      </class> <!-- com.demo.nopcommerce.testsuite.LoginTest -->
      <class name="com.demo.nopcommerce.testsuite.RegistrationTest">
        <test-method status="PASS" signature="setUpEmail()[pri:0, instance:com.demo.nopcommerce.testsuite.RegistrationTest@f6c48ac]" name="setUpEmail" is-config="true" duration-ms="0" started-at="2020-04-22T19:04:29Z" finished-at="2020-04-22T19:04:29Z">
          <reporter-output>
          </reporter-output>
        </test-method> <!-- setUpEmail -->
        <test-method status="PASS" signature="openBrowser()[pri:0, instance:com.demo.nopcommerce.testsuite.RegistrationTest@f6c48ac]" name="openBrowser" is-config="true" duration-ms="16820" started-at="2020-04-22T19:04:29Z" finished-at="2020-04-22T19:04:46Z">
          <reporter-output>
            <line>
              <![CDATA[Launching chrome browser]]>
            </line>
          </reporter-output>
        </test-method> <!-- openBrowser -->
        <test-method status="PASS" signature="setUp()[pri:0, instance:com.demo.nopcommerce.testsuite.RegistrationTest@f6c48ac]" name="setUp" is-config="true" duration-ms="8" started-at="2020-04-22T19:04:46Z" finished-at="2020-04-22T19:04:46Z">
          <reporter-output>
          </reporter-output>
        </test-method> <!-- setUp -->
        <test-method status="PASS" signature="verifyUserShouldNavigateToRegisterPage()[pri:0, instance:com.demo.nopcommerce.testsuite.RegistrationTest@f6c48ac]" name="verifyUserShouldNavigateToRegisterPage" duration-ms="7034" started-at="2020-04-22T19:04:46Z" finished-at="2020-04-22T19:04:53Z">
          <reporter-output>
            <line>
              <![CDATA[Clicking on register button [[ChromeDriver: chrome on WINDOWS (38d3c29381b1339fd0243ee60c4dd489)] -> link text: Register]<br>]]>
            </line>
            <line>
              <![CDATA[Getting Register message [[ChromeDriver: chrome on WINDOWS (38d3c29381b1339fd0243ee60c4dd489)] -> xpath: //strong[contains(text(),'Your Personal Details')]]<br>]]>
            </line>
          </reporter-output>
        </test-method> <!-- verifyUserShouldNavigateToRegisterPage -->
        <test-method status="PASS" signature="tearDown()[pri:0, instance:com.demo.nopcommerce.testsuite.RegistrationTest@f6c48ac]" name="tearDown" is-config="true" duration-ms="928" started-at="2020-04-22T19:04:53Z" finished-at="2020-04-22T19:04:54Z">
          <reporter-output>
          </reporter-output>
        </test-method> <!-- tearDown -->
        <test-method status="PASS" signature="openBrowser()[pri:0, instance:com.demo.nopcommerce.testsuite.RegistrationTest@f6c48ac]" name="openBrowser" is-config="true" duration-ms="16963" started-at="2020-04-22T19:06:52Z" finished-at="2020-04-22T19:07:09Z">
          <reporter-output>
            <line>
              <![CDATA[Launching chrome browser]]>
            </line>
          </reporter-output>
        </test-method> <!-- openBrowser -->
        <test-method status="PASS" signature="setUp()[pri:0, instance:com.demo.nopcommerce.testsuite.RegistrationTest@f6c48ac]" name="setUp" is-config="true" duration-ms="8" started-at="2020-04-22T19:07:09Z" finished-at="2020-04-22T19:07:09Z">
          <reporter-output>
          </reporter-output>
        </test-method> <!-- setUp -->
        <test-method status="PASS" signature="verifyUserShouldRegisterSuccessfullyWithValidCredentials()[pri:1, instance:com.demo.nopcommerce.testsuite.RegistrationTest@f6c48ac]" name="verifyUserShouldRegisterSuccessfullyWithValidCredentials" duration-ms="41321" started-at="2020-04-22T19:07:09Z" finished-at="2020-04-22T19:07:50Z">
          <reporter-output>
            <line>
              <![CDATA[Clicking on register button [[ChromeDriver: chrome on WINDOWS (7f842830b8bcc4b20c0624c005a56f44)] -> link text: Register]<br>]]>
            </line>
            <line>
              <![CDATA[Clicking on Radio Button [[ChromeDriver: chrome on WINDOWS (7f842830b8bcc4b20c0624c005a56f44)] -> id: gender-male]<br>]]>
            </line>
            <line>
              <![CDATA[Enter First Name dhannoRunFirst Name Field [[ChromeDriver: chrome on WINDOWS (7f842830b8bcc4b20c0624c005a56f44)] -> id: FirstName]<br>]]>
            </line>
            <line>
              <![CDATA[Enter Last Name runLast Name Field [[ChromeDriver: chrome on WINDOWS (7f842830b8bcc4b20c0624c005a56f44)] -> id: LastName]<br>]]>
            </line>
            <line>
              <![CDATA[Selecting Date of Birth Day 4Date Field [[ChromeDriver: chrome on WINDOWS (7f842830b8bcc4b20c0624c005a56f44)] -> name: DateOfBirthDay]<br>]]>
            </line>
            <line>
              <![CDATA[Selecting Date of Birth Month mayBirth Month Field [[ChromeDriver: chrome on WINDOWS (7f842830b8bcc4b20c0624c005a56f44)] -> name: DateOfBirthMonth]<br>]]>
            </line>
            <line>
              <![CDATA[Selecting Date of Birth Year 1985Birth Year Field [[ChromeDriver: chrome on WINDOWS (7f842830b8bcc4b20c0624c005a56f44)] -> name: DateOfBirthYear]<br>]]>
            </line>
            <line>
              <![CDATA[Enter Email dhannoG1@gmail.comEmail Field [[ChromeDriver: chrome on WINDOWS (7f842830b8bcc4b20c0624c005a56f44)] -> id: Email]<br>]]>
            </line>
            <line>
              <![CDATA[Enter Company Name dhanno limitedCompany Name Field [[ChromeDriver: chrome on WINDOWS (7f842830b8bcc4b20c0624c005a56f44)] -> id: Company]<br>]]>
            </line>
            <line>
              <![CDATA[Clicking on check box button for NewsLetter [[ChromeDriver: chrome on WINDOWS (7f842830b8bcc4b20c0624c005a56f44)] -> id: Newsletter]<br>]]>
            </line>
            <line>
              <![CDATA[Enter Password dhannorun123@On Password Field[[ChromeDriver: chrome on WINDOWS (7f842830b8bcc4b20c0624c005a56f44)] -> id: Password]<br>]]>
            </line>
            <line>
              <![CDATA[Enter Confirm Password dhannorun123@Confirm Password Field [[ChromeDriver: chrome on WINDOWS (7f842830b8bcc4b20c0624c005a56f44)] -> id: ConfirmPassword]<br>]]>
            </line>
            <line>
              <![CDATA[Clicking On Registration Button [[ChromeDriver: chrome on WINDOWS (7f842830b8bcc4b20c0624c005a56f44)] -> id: register-button]<br>]]>
            </line>
            <line>
              <![CDATA[Getting Registration Complete Message [[ChromeDriver: chrome on WINDOWS (7f842830b8bcc4b20c0624c005a56f44)] -> class name: result]<br>]]>
            </line>
          </reporter-output>
        </test-method> <!-- verifyUserShouldRegisterSuccessfullyWithValidCredentials -->
        <test-method status="PASS" signature="tearDown()[pri:0, instance:com.demo.nopcommerce.testsuite.RegistrationTest@f6c48ac]" name="tearDown" is-config="true" duration-ms="12546" started-at="2020-04-22T19:07:50Z" finished-at="2020-04-22T19:08:03Z">
          <reporter-output>
          </reporter-output>
        </test-method> <!-- tearDown -->
        <test-method status="PASS" signature="openBrowser()[pri:0, instance:com.demo.nopcommerce.testsuite.RegistrationTest@f6c48ac]" name="openBrowser" is-config="true" duration-ms="21748" started-at="2020-04-22T19:10:27Z" finished-at="2020-04-22T19:10:48Z">
          <reporter-output>
            <line>
              <![CDATA[Launching chrome browser]]>
            </line>
          </reporter-output>
        </test-method> <!-- openBrowser -->
        <test-method status="PASS" signature="setUp()[pri:0, instance:com.demo.nopcommerce.testsuite.RegistrationTest@f6c48ac]" name="setUp" is-config="true" duration-ms="7" started-at="2020-04-22T19:10:48Z" finished-at="2020-04-22T19:10:48Z">
          <reporter-output>
          </reporter-output>
        </test-method> <!-- setUp -->
        <test-method status="FAIL" signature="verifyUserShouldNotRegisterSuccessfullyWithInvalidValidCredentials()[pri:2, instance:com.demo.nopcommerce.testsuite.RegistrationTest@f6c48ac]" name="verifyUserShouldNotRegisterSuccessfullyWithInvalidValidCredentials" duration-ms="114213" started-at="2020-04-22T19:10:48Z" finished-at="2020-04-22T19:12:43Z">
          <exception class="org.openqa.selenium.NoSuchElementException">
            <message>
              <![CDATA[no such element: Unable to locate element: {"method":"css selector","selector":".result"}
  (Session info: chrome=81.0.4044.122)
For documentation on this error, please visit: https://www.seleniumhq.org/exceptions/no_such_element.html
Build info: version: '3.141.59', revision: 'e82be7d358', time: '2018-11-14T08:17:03'
System info: host: 'DESKTOP-H84TQ4F', ip: '192.168.0.17', os.name: 'Windows 10', os.arch: 'amd64', os.version: '10.0', java.version: '1.8.0_121'
Driver info: org.openqa.selenium.chrome.ChromeDriver
Capabilities {acceptInsecureCerts: false, browserName: chrome, browserVersion: 81.0.4044.122, chrome: {chromedriverVersion: 80.0.3987.106 (f68069574609..., userDataDir: C:\Users\Pradip\AppData\Loc...}, goog:chromeOptions: {debuggerAddress: localhost:54091}, javascriptEnabled: true, networkConnectionEnabled: false, pageLoadStrategy: normal, platform: WINDOWS, platformName: WINDOWS, proxy: Proxy(), setWindowRect: true, strictFileInteractability: false, timeouts: {implicit: 0, pageLoad: 300000, script: 30000}, unhandledPromptBehavior: dismiss and notify}
Session ID: 984890907287b9ca810be936303ec202
*** Element info: {Using=class name, value=result}]]>
            </message>
            <full-stacktrace>
              <![CDATA[org.openqa.selenium.NoSuchElementException: no such element: Unable to locate element: {"method":"css selector","selector":".result"}
  (Session info: chrome=81.0.4044.122)
For documentation on this error, please visit: https://www.seleniumhq.org/exceptions/no_such_element.html
Build info: version: '3.141.59', revision: 'e82be7d358', time: '2018-11-14T08:17:03'
System info: host: 'DESKTOP-H84TQ4F', ip: '192.168.0.17', os.name: 'Windows 10', os.arch: 'amd64', os.version: '10.0', java.version: '1.8.0_121'
Driver info: org.openqa.selenium.chrome.ChromeDriver
Capabilities {acceptInsecureCerts: false, browserName: chrome, browserVersion: 81.0.4044.122, chrome: {chromedriverVersion: 80.0.3987.106 (f68069574609..., userDataDir: C:\Users\Pradip\AppData\Loc...}, goog:chromeOptions: {debuggerAddress: localhost:54091}, javascriptEnabled: true, networkConnectionEnabled: false, pageLoadStrategy: normal, platform: WINDOWS, platformName: WINDOWS, proxy: Proxy(), setWindowRect: true, strictFileInteractability: false, timeouts: {implicit: 0, pageLoad: 300000, script: 30000}, unhandledPromptBehavior: dismiss and notify}
Session ID: 984890907287b9ca810be936303ec202
*** Element info: {Using=class name, value=result}
at sun.reflect.NativeConstructorAccessorImpl.newInstance0(Native Method)
at sun.reflect.NativeConstructorAccessorImpl.newInstance(NativeConstructorAccessorImpl.java:62)
at sun.reflect.DelegatingConstructorAccessorImpl.newInstance(DelegatingConstructorAccessorImpl.java:45)
at java.lang.reflect.Constructor.newInstance(Constructor.java:423)
at org.openqa.selenium.remote.http.W3CHttpResponseCodec.createException(W3CHttpResponseCodec.java:187)
at org.openqa.selenium.remote.http.W3CHttpResponseCodec.decode(W3CHttpResponseCodec.java:122)
at org.openqa.selenium.remote.http.W3CHttpResponseCodec.decode(W3CHttpResponseCodec.java:49)
at org.openqa.selenium.remote.HttpCommandExecutor.execute(HttpCommandExecutor.java:158)
at org.openqa.selenium.remote.service.DriverCommandExecutor.execute(DriverCommandExecutor.java:83)
at org.openqa.selenium.remote.RemoteWebDriver.execute(RemoteWebDriver.java:552)
at org.openqa.selenium.remote.RemoteWebDriver.findElement(RemoteWebDriver.java:323)
at org.openqa.selenium.remote.RemoteWebDriver.findElementByClassName(RemoteWebDriver.java:412)
at org.openqa.selenium.By$ByClassName.findElement(By.java:389)
at org.openqa.selenium.remote.RemoteWebDriver.findElement(RemoteWebDriver.java:315)
at org.openqa.selenium.support.pagefactory.DefaultElementLocator.findElement(DefaultElementLocator.java:69)
at org.openqa.selenium.support.pagefactory.internal.LocatingElementHandler.invoke(LocatingElementHandler.java:38)
at com.sun.proxy.$Proxy9.getText(Unknown Source)
at com.demo.nopcommerce.Utility.Utility.getTextFromElement(Utility.java:90)
at com.demo.nopcommerce.pages.RegisterPage.registrationCompleteMessage(RegisterPage.java:130)
at com.demo.nopcommerce.testsuite.RegistrationTest.verifyUserShouldNotRegisterSuccessfullyWithInvalidValidCredentials(RegistrationTest.java:85)
at sun.reflect.NativeMethodAccessorImpl.invoke0(Native Method)
at sun.reflect.NativeMethodAccessorImpl.invoke(NativeMethodAccessorImpl.java:62)
at sun.reflect.DelegatingMethodAccessorImpl.invoke(DelegatingMethodAccessorImpl.java:43)
at java.lang.reflect.Method.invoke(Method.java:498)
at org.testng.internal.MethodInvocationHelper.invokeMethod(MethodInvocationHelper.java:124)
at org.testng.internal.Invoker.invokeMethod(Invoker.java:583)
at org.testng.internal.Invoker.invokeTestMethod(Invoker.java:719)
at org.testng.internal.Invoker.invokeTestMethods(Invoker.java:989)
at org.testng.internal.TestMethodWorker.invokeTestMethods(TestMethodWorker.java:125)
at org.testng.internal.TestMethodWorker.run(TestMethodWorker.java:109)
at org.testng.TestRunner.privateRun(TestRunner.java:648)
at org.testng.TestRunner.run(TestRunner.java:505)
at org.testng.SuiteRunner.runTest(SuiteRunner.java:455)
at org.testng.SuiteRunner.runSequentially(SuiteRunner.java:450)
at org.testng.SuiteRunner.privateRun(SuiteRunner.java:415)
at org.testng.SuiteRunner.run(SuiteRunner.java:364)
at org.testng.SuiteRunnerWorker.runSuite(SuiteRunnerWorker.java:52)
at org.testng.SuiteRunnerWorker.run(SuiteRunnerWorker.java:84)
at org.testng.TestNG.runSuitesSequentially(TestNG.java:1208)
at org.testng.TestNG.runSuitesLocally(TestNG.java:1137)
at org.testng.TestNG.runSuites(TestNG.java:1049)
at org.testng.TestNG.run(TestNG.java:1017)
at org.apache.maven.surefire.testng.TestNGExecutor.run(TestNGExecutor.java:135)
at org.apache.maven.surefire.testng.TestNGDirectoryTestSuite.executeMulti(TestNGDirectoryTestSuite.java:193)
at org.apache.maven.surefire.testng.TestNGDirectoryTestSuite.execute(TestNGDirectoryTestSuite.java:94)
at org.apache.maven.surefire.testng.TestNGProvider.invoke(TestNGProvider.java:146)
at org.apache.maven.surefire.booter.ForkedBooter.invokeProviderInSameClassLoader(ForkedBooter.java:384)
at org.apache.maven.surefire.booter.ForkedBooter.runSuitesInProcess(ForkedBooter.java:345)
at org.apache.maven.surefire.booter.ForkedBooter.execute(ForkedBooter.java:126)
at org.apache.maven.surefire.booter.ForkedBooter.main(ForkedBooter.java:418)
]]>
            </full-stacktrace>
          </exception> <!-- org.openqa.selenium.NoSuchElementException -->
          <reporter-output>
            <line>
              <![CDATA[Clicking on register button [[ChromeDriver: chrome on WINDOWS (984890907287b9ca810be936303ec202)] -> link text: Register]<br>]]>
            </line>
            <line>
              <![CDATA[Clicking on Radio Button [[ChromeDriver: chrome on WINDOWS (984890907287b9ca810be936303ec202)] -> id: gender-male]<br>]]>
            </line>
            <line>
              <![CDATA[Enter First Name dhannoRunFirst Name Field [[ChromeDriver: chrome on WINDOWS (984890907287b9ca810be936303ec202)] -> id: FirstName]<br>]]>
            </line>
            <line>
              <![CDATA[Enter Last Name runLast Name Field [[ChromeDriver: chrome on WINDOWS (984890907287b9ca810be936303ec202)] -> id: LastName]<br>]]>
            </line>
            <line>
              <![CDATA[Selecting Date of Birth Day 4Date Field [[ChromeDriver: chrome on WINDOWS (984890907287b9ca810be936303ec202)] -> name: DateOfBirthDay]<br>]]>
            </line>
            <line>
              <![CDATA[Selecting Date of Birth Month mayBirth Month Field [[ChromeDriver: chrome on WINDOWS (984890907287b9ca810be936303ec202)] -> name: DateOfBirthMonth]<br>]]>
            </line>
            <line>
              <![CDATA[Selecting Date of Birth Year 1985Birth Year Field [[ChromeDriver: chrome on WINDOWS (984890907287b9ca810be936303ec202)] -> name: DateOfBirthYear]<br>]]>
            </line>
            <line>
              <![CDATA[Enter Email dhannoG1@gmail.comEmail Field [[ChromeDriver: chrome on WINDOWS (984890907287b9ca810be936303ec202)] -> id: Email]<br>]]>
            </line>
            <line>
              <![CDATA[Enter Company Name dhanno limitedCompany Name Field [[ChromeDriver: chrome on WINDOWS (984890907287b9ca810be936303ec202)] -> id: Company]<br>]]>
            </line>
            <line>
              <![CDATA[Clicking on check box button for NewsLetter [[ChromeDriver: chrome on WINDOWS (984890907287b9ca810be936303ec202)] -> id: Newsletter]<br>]]>
            </line>
            <line>
              <![CDATA[Enter Password dhannorun123@On Password Field[[ChromeDriver: chrome on WINDOWS (984890907287b9ca810be936303ec202)] -> id: Password]<br>]]>
            </line>
            <line>
              <![CDATA[Enter Confirm Password dhannorun123@Confirm Password Field [[ChromeDriver: chrome on WINDOWS (984890907287b9ca810be936303ec202)] -> id: ConfirmPassword]<br>]]>
            </line>
            <line>
              <![CDATA[Clicking On Registration Button [[ChromeDriver: chrome on WINDOWS (984890907287b9ca810be936303ec202)] -> id: register-button]<br>]]>
            </line>
            <line>
              <![CDATA[Getting Registration Complete Message Proxy element for: DefaultElementLocator 'By.className: result'<br>]]>
            </line>
          </reporter-output>
        </test-method> <!-- verifyUserShouldNotRegisterSuccessfullyWithInvalidValidCredentials -->
        <test-method status="PASS" signature="tearDown()[pri:0, instance:com.demo.nopcommerce.testsuite.RegistrationTest@f6c48ac]" name="tearDown" is-config="true" duration-ms="1510" started-at="2020-04-22T19:12:43Z" finished-at="2020-04-22T19:12:44Z">
          <reporter-output>
          </reporter-output>
        </test-method> <!-- tearDown -->
      </class> <!-- com.demo.nopcommerce.testsuite.RegistrationTest -->
      <class name="com.demo.nopcommerce.testsuite.ComputerTest">
        <test-method status="PASS" signature="openBrowser()[pri:0, instance:com.demo.nopcommerce.testsuite.ComputerTest@6eebc39e]" name="openBrowser" is-config="true" duration-ms="53020" started-at="2020-04-22T19:03:14Z" finished-at="2020-04-22T19:04:07Z">
          <reporter-output>
            <line>
              <![CDATA[Launching chrome browser]]>
            </line>
          </reporter-output>
        </test-method> <!-- openBrowser -->
        <test-method status="PASS" signature="setUp()[pri:0, instance:com.demo.nopcommerce.testsuite.ComputerTest@6eebc39e]" name="setUp" is-config="true" duration-ms="216" started-at="2020-04-22T19:04:07Z" finished-at="2020-04-22T19:04:07Z">
          <reporter-output>
          </reporter-output>
        </test-method> <!-- setUp -->
        <test-method status="PASS" signature="verifyUserShouldNavigateToComputersPage()[pri:0, instance:com.demo.nopcommerce.testsuite.ComputerTest@6eebc39e]" name="verifyUserShouldNavigateToComputersPage" duration-ms="1301" started-at="2020-04-22T19:04:07Z" finished-at="2020-04-22T19:04:08Z">
          <reporter-output>
            <line>
              <![CDATA[Clicking on computer button [[ChromeDriver: chrome on WINDOWS (52dd843663c0b771d83ee6d7d2ad03b8)] -> xpath: //ul[@class='top-menu notmobile']//a[contains(text(),'Computers')]]<br>]]>
            </line>
            <line>
              <![CDATA[Getting computer text message [[ChromeDriver: chrome on WINDOWS (52dd843663c0b771d83ee6d7d2ad03b8)] -> xpath: //ul[@class='top-menu notmobile']//a[contains(text(),'Computers')]]<br>]]>
            </line>
          </reporter-output>
        </test-method> <!-- verifyUserShouldNavigateToComputersPage -->
        <test-method status="PASS" signature="tearDown()[pri:0, instance:com.demo.nopcommerce.testsuite.ComputerTest@6eebc39e]" name="tearDown" is-config="true" duration-ms="2658" started-at="2020-04-22T19:04:08Z" finished-at="2020-04-22T19:04:11Z">
          <reporter-output>
          </reporter-output>
        </test-method> <!-- tearDown -->
        <test-method status="PASS" signature="openBrowser()[pri:0, instance:com.demo.nopcommerce.testsuite.ComputerTest@6eebc39e]" name="openBrowser" is-config="true" duration-ms="15803" started-at="2020-04-22T19:04:54Z" finished-at="2020-04-22T19:05:10Z">
          <reporter-output>
            <line>
              <![CDATA[Launching chrome browser]]>
            </line>
          </reporter-output>
        </test-method> <!-- openBrowser -->
        <test-method status="PASS" signature="setUp()[pri:0, instance:com.demo.nopcommerce.testsuite.ComputerTest@6eebc39e]" name="setUp" is-config="true" duration-ms="15" started-at="2020-04-22T19:05:10Z" finished-at="2020-04-22T19:05:10Z">
          <reporter-output>
          </reporter-output>
        </test-method> <!-- setUp -->
        <test-method status="PASS" signature="verifyUserShouldAddProductToCartSuccessfully()[pri:1, instance:com.demo.nopcommerce.testsuite.ComputerTest@6eebc39e]" name="verifyUserShouldAddProductToCartSuccessfully" duration-ms="42032" started-at="2020-04-22T19:05:10Z" finished-at="2020-04-22T19:05:52Z">
          <reporter-output>
            <line>
              <![CDATA[Clicking on computer button [[ChromeDriver: chrome on WINDOWS (0ee2b4debc0d4e5f4a73bc696dbed12c)] -> xpath: //ul[@class='top-menu notmobile']//a[contains(text(),'Computers')]]<br>]]>
            </line>
            <line>
              <![CDATA[Clicking on Desktop button [[ChromeDriver: chrome on WINDOWS (0ee2b4debc0d4e5f4a73bc696dbed12c)] -> xpath: //ul[@class='top-menu notmobile']//a[contains(text(),'Desktops')]]<br>]]>
            </line>
            <line>
              <![CDATA[Clicking on position [[ChromeDriver: chrome on WINDOWS (0ee2b4debc0d4e5f4a73bc696dbed12c)] -> id: products-orderby]<br>]]>
            </line>
            <line>
              <![CDATA[Clicking on A to Z [[ChromeDriver: chrome on WINDOWS (0ee2b4debc0d4e5f4a73bc696dbed12c)] -> xpath: //option[contains(text(),'Name: A to Z')]]<br>]]>
            </line>
            <line>
              <![CDATA[Clicking on build computer [[ChromeDriver: chrome on WINDOWS (0ee2b4debc0d4e5f4a73bc696dbed12c)] -> link text: Build your own computer]<br>]]>
            </line>
            <line>
              <![CDATA[Clicking on radio button feature [[ChromeDriver: chrome on WINDOWS (0ee2b4debc0d4e5f4a73bc696dbed12c)] -> xpath: //input[@id='product_attribute_3_7']]]]>
            </line>
            <line>
              <![CDATA[Clicking On add cart button [[ChromeDriver: chrome on WINDOWS (0ee2b4debc0d4e5f4a73bc696dbed12c)] -> id: add-to-cart-button-1]<br>]]>
            </line>
            <line>
              <![CDATA[Getting add to cart message [[ChromeDriver: chrome on WINDOWS (0ee2b4debc0d4e5f4a73bc696dbed12c)] -> class name: content]<br>]]>
            </line>
          </reporter-output>
        </test-method> <!-- verifyUserShouldAddProductToCartSuccessfully -->
        <test-method status="PASS" signature="tearDown()[pri:0, instance:com.demo.nopcommerce.testsuite.ComputerTest@6eebc39e]" name="tearDown" is-config="true" duration-ms="6562" started-at="2020-04-22T19:05:52Z" finished-at="2020-04-22T19:05:59Z">
          <reporter-output>
          </reporter-output>
        </test-method> <!-- tearDown -->
        <test-method status="PASS" signature="openBrowser()[pri:0, instance:com.demo.nopcommerce.testsuite.ComputerTest@6eebc39e]" name="openBrowser" is-config="true" duration-ms="20104" started-at="2020-04-22T19:08:03Z" finished-at="2020-04-22T19:08:23Z">
          <reporter-output>
            <line>
              <![CDATA[Launching chrome browser]]>
            </line>
          </reporter-output>
        </test-method> <!-- openBrowser -->
        <test-method status="PASS" signature="setUp()[pri:0, instance:com.demo.nopcommerce.testsuite.ComputerTest@6eebc39e]" name="setUp" is-config="true" duration-ms="28" started-at="2020-04-22T19:08:23Z" finished-at="2020-04-22T19:08:23Z">
          <reporter-output>
          </reporter-output>
        </test-method> <!-- setUp -->
        <test-method status="FAIL" signature="verifyUserShouldNotAddProductToCartSuccessfully()[pri:2, instance:com.demo.nopcommerce.testsuite.ComputerTest@6eebc39e]" name="verifyUserShouldNotAddProductToCartSuccessfully" duration-ms="44200" started-at="2020-04-22T19:08:23Z" finished-at="2020-04-22T19:09:07Z">
          <exception class="java.lang.AssertionError">
            <message>
              <![CDATA[The following asserts failed:
expected [The product has been added to your shopping cart] but found [The product has been added to your shopping]]]>
            </message>
            <full-stacktrace>
              <![CDATA[java.lang.AssertionError: The following asserts failed:
expected [The product has been added to your shopping cart] but found [The product has been added to your shopping]
at org.testng.asserts.SoftAssert.assertAll(SoftAssert.java:43)
at com.demo.nopcommerce.testsuite.ComputerTest.verifyUserShouldNotAddProductToCartSuccessfully(ComputerTest.java:67)
at sun.reflect.NativeMethodAccessorImpl.invoke0(Native Method)
at sun.reflect.NativeMethodAccessorImpl.invoke(NativeMethodAccessorImpl.java:62)
at sun.reflect.DelegatingMethodAccessorImpl.invoke(DelegatingMethodAccessorImpl.java:43)
at java.lang.reflect.Method.invoke(Method.java:498)
at org.testng.internal.MethodInvocationHelper.invokeMethod(MethodInvocationHelper.java:124)
at org.testng.internal.Invoker.invokeMethod(Invoker.java:583)
at org.testng.internal.Invoker.invokeTestMethod(Invoker.java:719)
at org.testng.internal.Invoker.invokeTestMethods(Invoker.java:989)
at org.testng.internal.TestMethodWorker.invokeTestMethods(TestMethodWorker.java:125)
at org.testng.internal.TestMethodWorker.run(TestMethodWorker.java:109)
at org.testng.TestRunner.privateRun(TestRunner.java:648)
at org.testng.TestRunner.run(TestRunner.java:505)
at org.testng.SuiteRunner.runTest(SuiteRunner.java:455)
at org.testng.SuiteRunner.runSequentially(SuiteRunner.java:450)
at org.testng.SuiteRunner.privateRun(SuiteRunner.java:415)
at org.testng.SuiteRunner.run(SuiteRunner.java:364)
at org.testng.SuiteRunnerWorker.runSuite(SuiteRunnerWorker.java:52)
at org.testng.SuiteRunnerWorker.run(SuiteRunnerWorker.java:84)
at org.testng.TestNG.runSuitesSequentially(TestNG.java:1208)
at org.testng.TestNG.runSuitesLocally(TestNG.java:1137)
at org.testng.TestNG.runSuites(TestNG.java:1049)
at org.testng.TestNG.run(TestNG.java:1017)
at org.apache.maven.surefire.testng.TestNGExecutor.run(TestNGExecutor.java:135)
at org.apache.maven.surefire.testng.TestNGDirectoryTestSuite.executeMulti(TestNGDirectoryTestSuite.java:193)
at org.apache.maven.surefire.testng.TestNGDirectoryTestSuite.execute(TestNGDirectoryTestSuite.java:94)
at org.apache.maven.surefire.testng.TestNGProvider.invoke(TestNGProvider.java:146)
at org.apache.maven.surefire.booter.ForkedBooter.invokeProviderInSameClassLoader(ForkedBooter.java:384)
at org.apache.maven.surefire.booter.ForkedBooter.runSuitesInProcess(ForkedBooter.java:345)
at org.apache.maven.surefire.booter.ForkedBooter.execute(ForkedBooter.java:126)
at org.apache.maven.surefire.booter.ForkedBooter.main(ForkedBooter.java:418)
]]>
            </full-stacktrace>
          </exception> <!-- java.lang.AssertionError -->
          <reporter-output>
            <line>
              <![CDATA[Clicking on computer button [[ChromeDriver: chrome on WINDOWS (7f96a4cda5ecbeddcfc6f3634bc828ce)] -> xpath: //ul[@class='top-menu notmobile']//a[contains(text(),'Computers')]]<br>]]>
            </line>
            <line>
              <![CDATA[Clicking on Desktop button [[ChromeDriver: chrome on WINDOWS (7f96a4cda5ecbeddcfc6f3634bc828ce)] -> xpath: //ul[@class='top-menu notmobile']//a[contains(text(),'Desktops')]]<br>]]>
            </line>
            <line>
              <![CDATA[Clicking on position [[ChromeDriver: chrome on WINDOWS (7f96a4cda5ecbeddcfc6f3634bc828ce)] -> id: products-orderby]<br>]]>
            </line>
            <line>
              <![CDATA[Clicking on A to Z [[ChromeDriver: chrome on WINDOWS (7f96a4cda5ecbeddcfc6f3634bc828ce)] -> xpath: //option[contains(text(),'Name: A to Z')]]<br>]]>
            </line>
            <line>
              <![CDATA[Clicking on build computer [[ChromeDriver: chrome on WINDOWS (7f96a4cda5ecbeddcfc6f3634bc828ce)] -> link text: Build your own computer]<br>]]>
            </line>
            <line>
              <![CDATA[Clicking on radio button feature [[ChromeDriver: chrome on WINDOWS (7f96a4cda5ecbeddcfc6f3634bc828ce)] -> xpath: //input[@id='product_attribute_3_7']]]]>
            </line>
            <line>
              <![CDATA[Clicking On add cart button [[ChromeDriver: chrome on WINDOWS (7f96a4cda5ecbeddcfc6f3634bc828ce)] -> id: add-to-cart-button-1]<br>]]>
            </line>
            <line>
              <![CDATA[Getting add to cart message [[ChromeDriver: chrome on WINDOWS (7f96a4cda5ecbeddcfc6f3634bc828ce)] -> class name: content]<br>]]>
            </line>
          </reporter-output>
        </test-method> <!-- verifyUserShouldNotAddProductToCartSuccessfully -->
        <test-method status="PASS" signature="tearDown()[pri:0, instance:com.demo.nopcommerce.testsuite.ComputerTest@6eebc39e]" name="tearDown" is-config="true" duration-ms="23589" started-at="2020-04-22T19:09:07Z" finished-at="2020-04-22T19:09:31Z">
          <reporter-output>
          </reporter-output>
        </test-method> <!-- tearDown -->
      </class> <!-- com.demo.nopcommerce.testsuite.ComputerTest -->
    </test> <!-- Surefire test -->
  </suite> <!-- Surefire suite -->
</testng-results>
